48.81595 480.1765
79.28595 480.0765
89.51085 462.4851
92.22085 449.7451
99.18115 462.49775
111.17115 481.64775
128.90835 489.54325
145.11835 474.49325
153.08015 425.7132
157.47015 395.0332
162.6134 430.3331
176.9534 479.3931
208.28665 493.95065
239.07665 467.64065
253.12055 394.60065
260.55055 326.79065
270.72865 312.217
278.71865 315.417
279.95745 303.62055
271.32745 286.05055
249.95295 271.23885
230.12295 280.74885
225.0391 334.49545
224.6991 397.66545
219.85905 438.08695
210.38905 459.65695
196.1713 465.9726
183.0513 445.7326
176.429 388.5075
170.329 333.0075
159.23055 315.0068
147.16055 332.6868
137.83935 384.35175
128.14935 430.90175
115.2119 436.2034
105.6519 404.5434
105.58725 339.89765
102.93725 279.28765
86.5414 256.9222
67.1814 258.6422
54.8211 271.36
48.6811 289.36
48.04145 307.35785
53.81145 319.76785
66.8275 321.43735
76.8275 337.04735
74.32885 389.3933
62.83885 441.9733
