100.000354258 0.0
99.3476580814 8.35018175385
97.4274540208 16.4054150734
94.3523385815 23.8902662144
90.3032115742 30.566996077
85.5206274352 36.2511653781
80.0738260439 40.8236143603
74.650979867 44.2380504208
69.2803170514 46.5238557801
64.2527707356 47.7842007427
59.8096908293 48.1901162154
56.1334814124 47.9718419486
53.339005415 47.187830715
51.4677921027 46.5124548833
50.4863299665 45.964174805
50.2890693707 45.8210978166
50.7061957571 46.3114492805
51.5157653309 47.6042302627
52.4594209667 49.8006814665
53.2606265763 52.9285760261
53.6441733622 56.9406123499
53.3556212523 61.7175214697
52.1793433714 67.0759413107
49.953940643 72.7806429321
46.583987548 78.5603211213
42.0473586778 84.125883729
36.39776902 89.1899908365
29.7626389023 93.4865062278
22.3369671886 96.7885297044
14.3745636805 98.923779544
5.95661323548 99.7862898348
-2.22738848169 99.3436775523
-11.3007377837 97.6396190512
-18.6633223906 94.7916551464
-25.2354616909 90.9850181383
-30.8316005139 86.4638430094
-35.3349484236 81.2995139976
-38.7030348945 76.1696712335
-40.9691214761 71.1119866525
-42.2388853978 66.4129863843
-42.6823465738 62.3089089719
-42.5214727911 58.9763112419
-42.0142660024 56.5236343045
-41.4364060957 54.9857014264
-41.0617072786 54.322374171
-41.1427262972 54.4219425391
-41.8928511007 55.1092688668
-43.4710932767 56.1582439474
-45.9706075988 57.3077472387
-49.4116673716 58.2800310994
-53.7394349056 58.8002717626
-58.8263824221 58.6159472113
-64.4786399689 57.5147142527
-70.4448735202 55.3395639195
-76.6488610997 52.0002358287
-82.4153280371 47.4801683302
-87.6994864907 41.8386521533
-92.2164207269 35.2083408306
-95.7329464633 27.7888514275
-98.0770153024 19.837864047
-99.1460438923 11.4381606142
-98.9122340641 3.27049938636
-97.4236910052 -4.61083522349
-94.8007926535 -13.0770279496
-91.2278149363 -19.5798380901
-86.9402742341 -25.1129108048
-82.2088105147 -29.5648395354
-77.3207019687 -32.898809888
-72.5602746711 -35.1536440012
-68.1895488084 -36.4400951598
-64.4304463323 -36.9324051453
-61.4497735443 -36.8555920564
-59.3479860663 -36.4692968886
-58.1524429232 -36.0492830341
-57.8154610438 -35.8678540442
-58.2169913848 -36.1745315001
-59.1711530931 -37.1783166478
-60.4351826454 -39.0327465811
-61.9437898381 -41.8247482006
-63.0391946746 -45.5679909289
-63.6817313789 -50.2010422365
-63.6010819243 -55.5901384149
-62.5790842024 -61.535796733
-60.4591143878 -67.7818141274
-57.1542463522 -74.250207364
-52.6523047638 -80.271939492
-47.0166632523 -85.7934178292
-40.3822790744 -90.532801223
-32.9470010854 -94.2607013928
-24.9586385086 -96.809593024
-16.6986339931 -98.0819643185
-8.46344576202 -98.0553370433
-0.544910284595 -96.7830183505
6.78907115624 -94.390085187
13.3122013699 -91.0646459679
18.8546084379 -87.0448733632
23.3138280828 -82.6026565331
26.661262941 -78.0249809492
28.9438359428 -73.5943090527
30.281051174 -69.5693054341
30.8582664514 -66.1672259591
30.9176673903 -63.5491713267
30.5214397865 -61.8091919173
30.3200411968 -60.9679224745
30.356725345 -60.9710221677
30.8971375236 -61.6921978967
32.1547649989 -62.9399963291
34.281563499 -64.4668631066
37.3599496766 -66.2067081407
41.3979930053 -67.5066741685
46.3289118908 -68.3194282837
52.0153447975 -68.37795066
58.2583278825 -67.4681442024
64.8104660194 -65.4382085924
71.39243416 -62.2066112147
77.7116907395 -57.7668339182
83.4821242722 -52.1878017221
88.4432884109 -45.6095320574
92.3779095568 -38.2340809181
95.1264746048 -30.3123054045
96.5979245945 -22.1273105576
96.7757929047 -13.9757021143
95.7195341879 -6.14792586111
93.5612924804 1.09096137429
90.4989538525 7.51877438166
86.7870205747 12.970746174
82.4966000065 17.350168534
78.2844794327 20.6344708778
74.208992026 22.8764908788
70.5430700055 24.2011940502
67.5071708384 24.7986979216
65.2598951719 24.9151495722
63.8901114031 24.6118398326
63.412370919 24.5349031534
63.7666754397 24.7334653191
64.8230299749 25.4690036546
66.3906816753 26.9500583767
68.231506312 29.322883031
70.0766602555 32.663636863
71.6453666524 36.9738907451
72.6645500075 42.1804971911
72.8879735741 48.1402485831
72.1135688393 54.6492160149
70.1977759583 61.4562241222
67.0659382424 68.2795749204
62.718112749 74.8258860085
57.2300726436 80.8097555198
50.7497853145 85.9729079076
43.4902532184 90.1015110496
35.7203021172 93.0404862344
27.5207075844 94.7038583569
19.5566121419 95.0805141037
11.9010129045 94.2351510443
4.83391268902 92.3047103672
-1.41799794189 89.4911905092
-6.69069847168 86.0524381191
-10.8905489923 82.0572213823
-13.9986184431 78.1588967394
-17.2474545912 74.4202360655
-18.4540121884 71.109521239
-18.9683216064 68.4418106335
-19.0240155096 66.569595066
-18.8850423514 65.57513203
-18.8267799693 65.4661808926
-19.1163872482 66.1761467147
-19.9937399244 67.5690200122
-21.6542556755 69.4489741293
-24.2347780232 71.5740509271
-27.8034582744 73.6730292112
-32.3542497387 75.4643287283
-37.8062087871 76.6756556541
-44.0072829579 77.0630432719
-50.7416572693 76.4279840027
-57.7390261707 74.6314861
-64.9230093197 71.6041201543
-71.6328439465 67.3514470735
-77.7959842503 61.9546404113
-83.1402519819 55.5666318091
-87.4481222009 48.4047188911
-90.5660478261 40.7412802188
-92.4120035549 32.6541154284
-92.979562936 24.8066247014
-92.3375328626 17.2756098454
-90.6247855579 10.3367033798
-88.0404492361 4.2114821445
-84.8300450537 -0.941843180693
-81.2684897067 -5.03592409277
-77.6411200903 -8.05828159858
-74.2240388052 -10.0708595976
-71.2651269861 -12.3722398208
-68.9670239224 -12.8497368802
-67.473231262 -12.9069823327
-66.858263213 -12.809141346
-67.1224331043 -12.8312395056
-68.1914409231 -13.2385089751
-69.9204060181 -14.2674263877
-72.101374045 -16.1087402247
-74.4726174294 -18.8936422444
-76.97227241 -22.6839996351
-78.9515655704 -27.4672320044
-80.3471826468 -33.1559900558
-80.9021217192 -39.5922708678
-80.4146310647 -46.5549880626
-78.7474591824 -53.7693038402
-75.8351926499 -61.1617099888
-71.6880440619 -68.0707666811
-66.3911567218 -74.4200235039
-60.099102484 -79.9406806149
-53.0257641942 -84.4193325754
-45.430214533 -87.7072316242
-37.5995287424 -89.7276070414
-29.8296997051 -90.4794147517
-22.4059601454 -90.0365942189
-15.5838583424 -88.5425179061
-9.57238067453 -86.1998321055
-4.52026655939 -83.2563067938
-0.50641891619 -79.987636328
2.46502385147 -76.6783622747
4.46482016394 -73.602224456
5.63435417467 -71.0032863993
6.17797477258 -69.0791267994
6.35367403901 -67.9672393334
6.21351113025 -67.7355392163
6.40141275841 -68.3775362482
6.97731682545 -69.812300781
8.19015702874 -71.8888210204
10.2335558148 -74.3937273865
13.2366434062 -77.0606422754
17.2569154697 -79.8313767479
22.2767191871 -82.0549909063
28.2042591446 -83.6651223001
34.8794107935 -84.4081632032
42.0841202578 -84.0865354643
49.5567549733 -82.567867612
57.0094500403 -79.7921004319
64.1472702478 -75.7749431509
70.6878774986 -70.6067992012
76.3803578133 -64.446882689
81.0219212298 -57.5127541515
84.4713417388 -50.0659169724
86.6582529059 -42.3944339112
87.5877580225 -34.793746615
87.3402515134 -27.5470096992
86.0668808902 -20.9062850216
83.981705796 -15.0758811231
81.3523326218 -10.1989674738
78.2336417111 -6.34834313957
75.2791736655 -3.52189478179
72.558036461 -1.64283950366
70.3242331834 -0.564313984239
68.7762586456 -0.0772425728538
68.0479649623 0.0803064313843
68.2015894639 -0.0449208117733
69.2244872106 0.193848971185
71.0304180877 0.857955143416
73.4656408702 2.19213677073
76.3195637381 4.38502355749
79.3392925019 7.5600418507
82.2471042599 11.768514624
84.7596553621 16.9864857992
86.6076083872 23.1161084973
87.554333364 29.991840727
87.4124036713 37.3911906277
86.0567669474 45.0493466705
83.4337259154 52.6767161982
79.5652132954 59.9781783484
74.5482889256 66.6727347495
68.5503258482 72.512213413
61.8009854383 77.2977479663
54.5828096604 80.8929157719
46.9575072279 83.2326745722
39.5935418209 84.327588074
32.5720697225 84.2632763481
26.1551405255 83.1955670685
20.5485132876 81.3424584478
15.8925835519 78.9747342456
12.2555959255 76.1403032916
9.63063745665 73.4962807264
7.93722084261 71.1116255591
7.02767497423 69.2354803339
6.69806348657 68.0607096893
6.7029498314 67.7148661729
6.773019921 68.2534696118
5.46987445022 69.6570833734
4.83962599035 71.8329861539
3.48440152288 74.6216479208
1.22790426576 77.8077233091
-2.04383358146 81.134875129
-6.37375322374 84.3234346914
-11.7297976462 87.0896943839
-18.0057060567 89.1655113518
-25.0260697893 90.3168792363
-32.5545056908 90.3601977133
-40.3030689603 89.1751370489
-48.2141350708 86.7132570478
-55.613931714 83.0018966143
-62.4213023613 78.1433016803
-68.37808682 72.3095054675
-73.2837486126 65.7341159549
-77.004361946 58.7029010132
-79.4791955113 51.2697433096
-80.7234447116 44.1082463232
-80.8263440816 37.2987049068
-79.944477133 31.0984738976
-78.2905916548 25.7078742425
-76.1186245965 21.2612295189
-73.7059420858 17.8203350037
-71.33400686 15.3717960845
-69.2687974424 13.8289941816
-67.7423207506 13.0388544052
-66.9364825052 12.7930999152
-66.9704077914 12.8432833788
-67.8920374342 12.9185860379
-69.6744644649 12.7451696958
-72.2170188875 12.0657564185
-75.3505582042 9.48347259043
-78.8457757162 7.13381971254
-82.4225984949 3.74482141633
-86.040993547 -0.720126095146
-89.0329118028 -6.22251249813
-91.3295197245 -12.649872936
-92.687614633 -19.8211425906
-92.9223507083 -27.4950069582
-91.9161085255 -35.379306913
-89.6248452748 -43.4242133408
-86.0805238145 -50.9483661851
-81.3888927962 -57.871339002
-75.7224695097 -63.9386900619
-69.3090618155 -68.9543429033
-62.4165555655 -72.78945173
-55.3349892657 -75.3887205824
-48.357138395 -76.7727858178
-41.7589377733 -77.0359440162
-35.7810816645 -76.3390853212
-30.6130579065 -74.8981754344
-26.3806942788 -72.9690180049
-23.1380225568 -70.8293229925
-20.8638982488 -68.7593057343
-19.4633518744 -67.0221459113
-18.7730908237 -65.8456453892
-18.5699193265 -65.4063390052
-18.5800978668 -65.8171327778
-18.7798492187 -67.1192697418
-18.5029691749 -69.2790546473
-17.6903433156 -72.189305111
-16.109860916 -75.6749384767
-13.5879126784 -79.5014506201
-10.0181374949 -83.3842952272
-5.36753922599 -87.2919699611
0.321382290599 -90.5471394721
6.9331737661 -93.0823537521
14.2867589467 -94.6579661551
22.1471928346 -95.0934542558
30.2410914534 -94.2761586388
38.2746996848 -92.1673630467
45.9533651131 -88.8043714929
53.0010859002 -84.2979044533
59.1787954961 -78.8247080759
64.3001364479 -72.6157474887
68.2436597221 -65.940737739
70.9606647876 -59.0900536644
72.4782692274 -52.3552530803
72.8977648507 -46.0095460631
72.3888801727 -40.2895468209
71.181226701 -35.3795536671
69.5549587352 -31.399416953
67.5297320247 -28.3967744687
65.7841828551 -26.3440587898
64.3802269569 -25.1402113281
63.552161004 -24.616473445
63.4756903767 -24.5449658916
64.2592806426 -24.6480140698
65.9382465063 -24.9119409914
68.4728884312 -24.6603616421
71.7513251856 -23.8370266005
75.5971032924 -22.2140512819
79.7811917859 -19.6228440134
84.0375927755 -15.962709692
88.0815151093 -11.206687968
91.6288699054 -5.40332714392
94.4157528753 1.32624458151
96.2165792147 8.79602313656
96.8596323653 16.7672094103
96.2389781708 24.9638920546
94.3219808522 33.0912757135
91.1520368176 40.8552111267
86.8466165958 47.9816912237
81.5912741434 54.2349796878
75.6309464224 59.4331355082
69.0388770105 63.4598887727
62.5029344717 66.2721093644
56.0575342966 67.9024913314
49.995293551 68.4575514824
44.5589618354 68.1116112332
39.9320426604 67.0980958918
36.230243208 65.4783679898
33.4957681543 63.9257544736
31.69572266 62.4641342757
30.7252337471 61.3727771175
30.4153380846 60.8809526914
30.5452176911 61.1585713232
30.8579932325 62.3076908894
31.0790074556 64.3568927564
30.9353488381 67.2597804506
30.1752777662 70.8982003949
28.5862244681 75.0902243621
26.0101295291 79.6024682916
22.3550941039 84.1659518032
17.6025979132 88.494427109
10.6409265333 92.3039250831
3.90427120931 95.3321799883
-3.57580051877 97.3566027878
-11.5436391135 98.2095760823
-19.9173700711 97.7900415105
-28.010889411 96.0706429392
-35.7768406472 93.1000759349
-42.9212768997 89.0007758677
-49.2014245537 83.9626535395
-54.4350822305 78.234258455
-58.5090386104 71.8906926168
-61.3845442822 65.6099273377
-63.0986173201 59.4354918393
-63.7606121215 53.6556627017
-63.5440361912 48.5081472711
-62.6740600226 44.1706784565
-61.411531006 40.7526290222
-60.0345733856 38.289597457
-58.8190326976 36.7421745087
-58.0191048409 35.9994511712
-57.84947697 35.8872752906
-58.470199749 36.1808050281
-59.9753081725 36.6205431682
-62.3859111352 36.930766702
-65.648078228 36.8390912381
-69.6353658453 36.0958296081
-74.1552436095 34.4918185248
-78.9580063553 31.8734963395
-83.9699670258 28.1542188067
-88.5212303855 23.3210983239
-92.5674254733 17.4370453484
-95.8279098815 9.47423807743
-98.074022782 1.94197976419
-99.1384858185 -6.07359271021
-98.923670652 -14.4885692935
-97.4068190332 -22.6242397278
-94.6410397287 -30.424111766
-90.7515503947 -37.597577128
-85.9271815729 -43.9059167421
-80.4076143805 -49.1717108886
-74.467183175 -53.2870815042
-68.396339499 -56.2188649127
-62.4820439495 -58.0095501846
-56.9884282684 -58.7734605876
-52.1390509188 -58.6882031561
-48.1019556914 -57.9818642927
-44.9785344843 -56.9167875126
-42.7968923053 -55.7710329539
-41.5100147736 -54.8187871042
-40.9985459353 -54.3110653317
-41.0773970578 -54.4580292689
-41.5047252391 -55.4141258611
-42.2171678256 -57.2670449795
-42.5608348583 -60.0311878946
-42.4955830741 -63.6459396176
-41.7540161111 -67.9785441458
-40.1209896675 -72.8307929857
-37.4429887208 -77.948053986
-33.6362255735 -83.2551564859
-28.6915948124 -88.087827952
-22.6753536535 -92.3932282802
-15.7250338424 -95.8937616592
-8.04063429107 -98.3645473442
0.128408038689 -99.6428211191
8.49961785684 -99.6360207468
16.7761417659 -98.3267038884
24.6663946069 -95.7731778433
31.9033479728 -92.1053566504
38.2621420315 -87.5159025875
43.5748215926 -82.2471559244
47.7412118201 -76.5747089099
50.7352581562 -70.7887374201
52.6065588656 -65.1743664498
53.4773171382 -59.9924137015
53.5355329071 -55.4618289124
53.0259424391 -51.7450252609
52.0120399881 -48.9370832056
51.1443668482 -47.0594964437
50.4698938708 -46.0587243121
50.2548791554 -45.8093149188
50.713317901 -46.1207685576
51.9975694543 -46.7466215496
54.1904052813 -47.6232194415
57.300292044 -48.1012134832
61.2609976472 -48.1333489128
65.935976495 -47.4557249366
71.1274532491 -45.8574683717
76.5896821262 -43.1900967813
82.0455112008 -39.3754238959
87.2051282892 -34.4102055383
91.7857067956 -28.3664490675
95.5306063822 -21.3869394783
98.2268144994 -13.6760707206
99.7194406658 -5.48651155001
99.9222959341 2.89741871832
98.823905203 11.1785378098
96.488709953 19.0664680098
93.053723581 26.2968381671
88.7215007947 32.6487074295
83.7509765006 37.9590253274
78.2160341219 42.1331648767
72.7755766967 45.1508821123
67.4927948491 47.0674668904
62.6425035353 48.0103559083
58.4467769394 48.1720796883
55.06556982 47.8011107568
52.5888997448 46.959494923
51.032355146 46.2937973115
50.336973885 45.856293506
50.3739114538 45.9088702593
50.9537870648 46.6603765338
51.840159697 48.2572801346
52.7662446582 50.7759195743
53.4537344094 54.2181037053
53.6324352664 58.5110929182
53.0593741449 63.5123716604
51.5360667592 69.0190926642
48.9227706094 74.7816385999
45.1487727013 80.5204068767
40.2180832448 85.9446780109
34.2103225549 90.7722773601
27.2770990534 94.7486840907
19.6347816181 97.664279997
11.5552695729 99.3685642272
3.12044434037 99.7803880989
-5.00341698498 98.8935869917
-13.9172844002 96.7778038033
-21.0319546016 93.5748106337
-27.2848441293 89.4912422321
-32.5132909285 84.7893562883
-36.6257209761 79.5403498092
-39.60587824 74.4002535389
-41.5126405993 69.436354028
-42.4750393182 64.9188345505
-42.6826244888 61.0643962831
-42.371748999 58.02692237
-41.8086790365 55.8898728533
-41.2706799071 54.662114234
-41.0263720299 54.2781747656
-41.3167033672 54.6032986031
-42.3378412603 55.4431486371
-44.2271486654 56.5575792356
-47.0531771271 57.6775661956
-50.8102814776 58.5241419685
-55.4180392206 58.8280396759
-60.7251408406 58.3486995666
-66.5168058756 56.8913363868
-72.524073502 54.320905644
-78.6741697675 50.5720409364
-84.3092195324 45.6543633991
-89.3583215902 39.652987883
-93.553391398 32.7245687311
-96.6812895006 25.0898409532
-98.5931234476 17.0243202234
-99.2117173309 8.60662613384
-98.5355815992 0.50189398669
-96.6384239386 -7.21025583474
-93.6638554475 -15.4213362485
-89.8154650911 -21.606480465
-85.3428594935 -26.7752519701
-80.5245945084 -30.8415929331
-75.649159709 -33.7949140489
-70.9953169531 -35.6995302935
-66.8131395054 -36.6892938848
-63.3070488416 -36.9576047793
-60.6220022173 -36.7434015942
-58.8337453516 -36.3140637166
-57.9437111651 -35.94638855
-57.8787174072 -35.9069463487
-58.4950932232 -36.4331589065
-59.5862472401 -37.7163974981
-60.8919775902 -39.8882499126
-62.3543317697 -43.0108661807
-63.326853375 -47.0719576669
-63.7478648243 -51.9845945889
-63.3640168169 -57.591422723
-61.9773420707 -63.6723010753
-59.4544781241 -69.9536486245
-55.733928156 -76.3658230102
-50.8297407776 -82.2496337627
-44.8306918084 -87.5305412941
-37.8946584195 -91.9437697046
-30.2383887184 -95.28023661
-22.1232878482 -97.3957895453
-13.8381649917 -98.2184482468
-5.68011430054 -97.7520456497
2.06516328543 -96.0753609856
9.14225110524 -93.3364442237
15.3428299332 -89.7423422752
20.5192725408 -85.5448538729
24.5941237773 -81.0232618362
27.5649097691 -76.4652185556
29.5041540037 -72.1470929601
30.5550069232 -68.3151249773
30.9235191922 -65.1686765596
30.8693070303 -62.8467167215
30.4434654034 -61.4184317272
30.2913446065 -60.8785105651
30.4743288788 -61.1472201722
31.2411042235 -62.0748544943
32.7849560467 -63.4495164236
35.2346105952 -65.0064719096
38.6471634888 -66.6919200782
43.0046665803 -67.8568165932
48.2152483926 -68.4369199669
54.1190420734 -68.1824306847
60.4986881924 -66.8997197525
67.0937677726 -64.4604734734
73.6182037001 -60.8087184431
79.7794460961 -55.9641674145
85.2981293593 -50.0210211585
89.9268553962 -43.1419612434
93.4668190544 -35.547573758
95.7811479558 -27.501854425
96.8040797904 -19.2947612874
96.5454456911 -11.223002199
95.090368542 -3.57037071064
92.5946200026 3.41102437252
89.2767096371 9.51735350268
85.4085038366 14.606360398
81.0461510246 18.6064833588
76.8474529532 21.5212787675
72.8849534525 23.4290633962
69.4145280907 24.4782285881
66.6363129304 24.8793104952
64.6855919286 24.895626368
63.6258943458 24.5723657818
63.4458260726 24.5580504151
64.0604688619 24.9148977569
65.3175862196 25.8871679733
67.0083741577 27.6629257633
68.8820891485 30.3649739442
70.6635744443 34.044027887
72.072489432 38.6756428223
72.8429248856 44.1617176256
72.742059862 50.3368049694
71.5865835469 56.9789586922
69.2557676111 63.8244448835
65.7003315727 70.5853335173
60.9465952839 76.968772487
55.095858968 82.6966256017
48.3194922268 87.5241304939
40.8508491186 91.256301465
32.9758567703 93.7609660617
24.7562178784 94.9775826205
16.8640210557 94.9213391555
9.38241516195 93.6824817827
2.57406550732 91.4213633805
-3.35495041728 88.3603403786
-8.26417682616 84.7743774434
-12.0854805022 80.712221144
-15.9905010122 76.8357527518
-17.7549446881 73.2169864033
-18.6987687075 70.1068980467
-19.0264566993 67.6999649573
-18.9841378249 66.1251578078
-18.8419067654 65.4392923613
-18.8745235563 65.6242059576
-19.3418148447 66.5885416233
-20.4701192155 68.1743349842
-22.43604562 70.1681061893
-25.3536456406 72.3157607735
-29.2658373404 74.3402997906
-34.1405607752 75.9611306357
-39.8716928909 76.9136557528
-46.284202483 76.9677968821
-53.1423841721 75.9441876505
-60.1592739307 73.7269371379
-67.2819143398 70.2721315715
-73.8368255996 65.6116005039
-79.7455021695 59.8519277196
-84.7535594414 53.1692356885
-88.6645485806 45.8009156481
-91.348905222 38.0362133404
-92.7504492983 29.928727535
-92.8890057242 22.1563420473
-91.8583934672 14.8010966643
-89.8196136514 8.12103761303
-86.9895557722 2.31687319805
-83.6259348472 -2.47694769545
-80.0094713864 -6.198678711
-76.424530441 -8.86182193603
-73.139545679 -10.5530340875
-70.3885694368 -12.6000919887
-68.3552100156 -12.9039780956
-67.1600431213 -12.8768137004
-66.8523152943 -12.789376035
-67.4063934315 -12.9155245139
-68.7229560846 -13.5126339888
-70.6343690978 -14.8031779671
-72.9130403612 -16.9587208274
-75.2808059634 -20.0874021796
-77.7034134876 -24.2257259557
-79.513338001 -29.3351015596
-80.6452195069 -35.3031244734
-80.8600537913 -41.9490290872
-79.9773617154 -49.0320972165
-77.8840121278 -56.2610617706
-74.5404817844 -63.591045877
-69.9831683783 -70.340315917
-64.3220445106 -76.4313330482
-57.7335174875 -81.6133408969
-50.4488421851 -85.6942613356
-42.7388219058 -88.5495182491
-34.8958251375 -90.1282708449
-27.2143444327 -90.4556839841
-19.9714272471 -89.6305332282
-13.4083175061 -87.818017835
-7.71456092084 -85.2381357866
-3.01564663435 -82.1503610969
0.63501734319 -78.8356551253
3.25936726086 -75.5770404164
4.95322216006 -72.640067693
5.88069384015 -70.254514051
6.26571814844 -68.5985631422
6.38270603845 -67.7865361789
6.25204409999 -67.860965962
6.54268287188 -68.7894348094
7.31291043201 -70.4661312583
8.79364394695 -72.7175197201
11.1572207535 -75.3108618884
14.5086939551 -77.9635786382
18.8798002329 -80.6504021572
24.2269378793 -82.6940207759
30.4338273999 -84.0308772548
37.3189560491 -84.4256261949
44.6474313713 -83.7022235374
52.146487212 -81.752614308
59.5235987418 -78.5427195375
66.4859707996 -74.1143957272
72.7600663103 -68.5827043784
78.109838669 -62.1283985755
82.3524238023 -54.9860083918
85.3702341276 -47.4282869816
87.1186778189 -39.7480646341
87.6291026708 -32.2387487884
87.0070344119 -25.1748040443
85.4263445718 -18.7935475615
83.1206429386 -13.2795019011
80.1523353499 -8.75235934923
77.2053077376 -5.25932905501
74.2996058483 -2.77226092544
71.7205894488 -1.18946814549
69.7041816868 -0.341603427542
68.4275277328 -0.00028264866464
68.0003853695 -0.10902823016
68.4592944102 0.00672058036775
69.7658175502 0.361541207048
71.809485656 1.2319239072
74.4155155888 2.84431826907
77.3568984342 5.36580439018
80.3700804715 8.89553625658
83.1731783634 13.4589913133
85.4854838788 19.0063074475
87.0469219811 25.4153305215
87.6361293189 32.4994321959
87.0859180447 40.0196890701
85.2950824642 47.7006401413
82.2357932806 55.2485602429
77.9562061437 62.371002467
72.5783878485 68.7962726083
66.2922348467 74.2915033809
59.3467247365 78.678095564
51.8186342483 81.8434873186
44.3953181295 83.7485016917
37.1168433431 84.4299057848
30.2770795454 83.9982932059
24.1197292395 82.6319742585
18.8289387912 80.5682258346
14.5207986878 77.8718512032
11.2377289298 75.2159120416
8.94699723351 72.6301460982
7.54396419329 70.3955094741
6.86009071572 68.7427998824
6.67527887842 67.8432809502
6.73374789962 67.8002323759
6.7623721198 68.6434089359
5.32105776599 70.3276446348
4.4638820779 72.7361862774
2.81455852536 75.6887834145
0.217043093636 78.954098968
-3.41886511287 82.2656368864
-8.11042298495 85.3401099095
-13.7996380009 87.8969919343
-20.3556210637 89.6779155748
-27.5808829818 90.4645862935
-35.2201879414 90.0939899549
-43.1928187189 88.4698708063
-50.8171267383 85.5697517359
-58.044804478 81.4471581852
-64.5850314611 76.2291913084
-70.1984550331 70.1101748696
-74.7065986305 63.3427739562
-78.0002292443 56.0053769638
-80.0447389903 48.7761086819
-80.8813378609 41.7038541218
-80.623502213 35.0782351066
-79.4486763384 29.1380022315
-77.5856825682 24.0616238267
-75.2986587864 19.9589535322
-72.8686109605 16.8659089636
-70.5738423479 14.7433533187
-68.6706004013 13.4807258289
-67.3752670711 12.9044156986
-66.8493081996 12.7904176043
-67.1879930049 12.8804449331
-68.4135952753 12.9004097431
-70.4733938279 12.5800059062
-73.2423010384 10.5080625978
-76.5293648079 8.78457736416
-80.0867112145 6.08489288709
-83.843454156 2.32486120713
-87.1350236222 -2.50635380035
-89.9176652538 -8.34435336476
-91.9150509356 -15.0522046337
-92.9030425117 -22.427000421
-92.7190868052 -30.2088333176
-91.2704199183 -38.3152352228
-88.5391862475 -46.0713210706
-84.5833137415 -53.4199585228
-79.5326283417 -60.0735911728
-73.580237265 -65.7968429901
-66.9696628284 -70.415933717
-59.9785658664 -73.826868361
-52.9001604564 -76.0005185912
-46.0235896516 -76.9834484359
-39.614605211 -76.8939765723
-33.8978729279 -75.913512709
-29.0421090823 -74.273656092
-25.1490427752 -72.2399000002
-22.2468934618 -70.0930472518
-20.2886528601 -68.1096082129
-19.1549655953 -66.5425245795
-18.6608134341 -65.6035393024
-18.5645237718 -65.4484154359
-18.8039865704 -66.1659944149
-18.7282226585 -67.7717773073
-18.2958997366 -70.2063109386
-17.2416961763 -73.3381644587
-15.3526205637 -76.9706908986
-12.4773842838 -80.8510825652
-8.53443926264 -84.9073016189
-3.5168363434 -88.4798435913
2.50721020616 -91.5168753228
9.39853121436 -93.7451464691
16.9559226617 -94.9443432661
24.9292698103 -94.956478801
33.0360166621 -93.6939115077
40.9798654047 -91.1441597422
48.4704285914 -87.3704088051
55.2424895776 -82.5072406068
61.073554195 -76.7516553133
65.7984987925 -70.3498987667
69.3203366012 -63.5809592438
71.6164359017 -56.7378522039
72.739929674 -50.1079720726
72.8165572968 -43.9538558253
72.0377744407 -38.4956741577
70.6516575588 -33.8966423776
68.7236698106 -30.2523248036
66.9053472867 -27.5844934306
65.2479720319 -25.8397939036
64.01908972 -24.8929694445
63.4338443613 -24.5537962847
63.6456059719 -24.5761923883
64.7380737064 -24.8983035693
66.7206494207 -24.8733480132
69.5281526816 -24.4534681291
73.0253189631 -23.3770656259
77.0159881885 -21.4356535709
81.2564508749 -18.4832090965
85.4720739273 -14.4440143581
89.3760775955 -9.31720315914
92.6891792717 -3.17695309874
95.1587586443 3.83210913887
96.5762322575 11.504188665
96.7914537367 19.5857503599
95.723178846 27.7922111598
93.3649521239 35.8267648654
89.7861841222 43.4000533456
85.1286952259 50.249338369
79.5996036782 56.1558633363
73.4621317634 60.9592239135
66.7926508522 64.5677909792
60.2521326439 66.9645483964
53.9082582059 68.2081219065
48.037434823 68.4292839106
42.8630310001 67.8238220591
38.5460052663 66.6433574144
35.1771498561 64.9513864235
32.7726951623 63.3958537568
31.2743029697 62.0328228311
30.5538532783 61.1253085899
30.4229010058 60.8831561432
30.6462450313 61.453703484
30.958712897 62.9140923226
31.0840200257 65.2669605494
30.7544125384 68.4405334589
29.7297476712 72.2935091825
27.8147053853 76.6246067695
24.8729590522 81.1862130398
20.8373620625 85.7012267004
15.7155308655 89.8819552677
8.41325787062 93.4497720809
1.39451807438 96.1541871135
-6.28546568003 97.7900264018
-14.3532257738 98.2115507052
-22.7278891824 97.342574495
-30.7443936533 95.1819715371
-38.3266312889 91.8043731852
-45.1973016106 87.356380043
-51.133476428 82.0492168762
-55.9759325258 76.1494645688
-59.63673495 69.7305150057
-62.1033737591 63.4510787915
-63.4384689484 57.3826431803
-63.7746754076 51.7970505161
-63.3049422387 46.9123675435
-62.2687085434 42.8835612597
-60.9349508858 39.7949579448
-59.5832360458 37.6561702868
-58.4840764018 36.4024672117
-57.8799343243 35.8999454079
-57.9681763098 35.9553406012
-58.8871372552 36.3298903862
-60.7062202544 36.7563288564
-63.4206275926 36.9578564002
-66.9508942266 36.6677858343
-71.1468759618 35.6485185441
-75.7952307768 33.7085514771
-80.6287232983 30.7163577024
-85.5786471853 26.6102197998
-89.9901677823 21.4034265795
-93.7944304941 15.1846695546
-96.7277063382 6.94624140465
-98.5814682103 -0.784878099441
-99.2116668491 -8.89788793859
-98.546123388 -17.3147526095
-96.5883899616 -25.3702268686
-93.4171356079 -32.9842859974
-89.1807257907 -39.8831995027
-84.087180264 -45.8483543244
-78.3901157132 -50.7255266519
-72.371606636 -54.4322402819
-66.3231302648 -56.961574856
-60.5258989901 -58.3814915736
-55.2319267124 -58.8293535504
-50.6471238351 -58.5018328742
-46.9175692081 -57.6408166152
-44.1198662468 -56.5162495592
-42.2561546738 -55.4070822625
-41.2539188759 -54.5816291714
-40.9702087222 -54.2786830043
-41.1992688588 -54.6906783694
-41.68185798 -55.9500496746
-42.3634411507 -58.1196857876
-42.5990689897 -61.1880466194
-42.3281362586 -65.0690748324
-41.3002447077 -69.6065092179
-39.3204801358 -74.5815849452
-36.2586082945 -79.7223898577
-32.0562595685 -84.9636462435
-26.730502022 -89.6486053177
-20.372902102 -93.7050820208
-13.143777302 -96.8726328773
-5.26185542258 -98.946774833
3.01002929586 -99.7881911922
11.3822519305 -99.3298939402
19.5575470176 -97.5807539147
27.2506839831 -94.6245084741
34.2073218688 -90.6139598151
40.2207551444 -85.7605859087
45.1454148662 -80.3202001563
48.9062366019 -74.5756153098
51.5033483811 -68.8174919649
53.0119684597 -63.3246820048
53.5779339014 -58.3454127663
53.4099068762 -54.080598397
52.7700261653 -50.670410894
51.7091972599 -48.1849946436
50.8752358923 -46.6198649267
50.3317175199 -45.8960928162
50.3279089839 -45.8648461656
51.0575643382 -46.3152289756
52.6497881399 -46.983639331
55.1620338622 -47.8202247727
58.5767902015 -48.1770757901
62.8028144234 -47.9915539437
67.681172943 -47.0170119148
72.9958450787 -45.0630814869
78.4882363387 -42.0047862441
83.8746327166 -37.789486808
88.8654072669 -32.4401177145
93.1846647122 -26.0538671495
96.5889790063 -18.7960481965
98.8839426284 -10.8894129974
99.9374049264 -2.59956928882
99.6885300491 5.78252784406
98.152152923 13.9598174682
95.4183543235 21.6487920201
91.6477133739 28.5982293858
87.0633277746 34.6057183551
81.9414187194 39.5308580119
76.3393421505 43.3042663641
70.9193431827 45.9318829354
65.7572624699 47.4944941556
61.1107703515 48.1429491754
57.1815254005 48.0901672189
54.1060862693 47.6017657464
51.949080936 46.7221694577
50.7001389723 46.102713922
50.2754048929 45.8072663073
50.523857766 46.0804649381
51.2381640788 47.1106468172
52.1693873418 49.0208081083
53.0445690981 51.8618519126
53.5859818718 55.6096170839
53.5307351373 60.1664957754
52.6493906342 65.3678560472
50.7623132702 70.9929891851
47.7526484693 76.7798993871
43.5750761123 82.4429461676
38.2598451999 87.692137207
31.9120420352 92.2527514388
24.7065880727 95.8839489155
16.8801016194 98.3950954316
8.72149029782 99.6586960002
0.291961582619 99.6190920907
-8.89757030021 98.2964330233
-16.4576206701 95.7858820993
-23.2973520749 92.2525629046
-29.2115425237 87.9233907797
-34.0613485025 83.0776686798
-37.7809250399 77.7649799212
-40.3802119021 72.6522173512
-41.9431085349 67.8143728581
-42.6208472032 63.5042377407
-42.620865917 59.9178416143
-42.1918801939 57.1854730329
-41.6061554741 55.3651055181
-41.140190094 54.4396760662
-41.055132121 54.3189832235
-41.5782720675 54.8463865226
-42.8868775286 55.8099984663
-45.0954651333 56.9576643164
-48.2473398523 58.0147237128
-52.3108716793 58.7033415891
-57.1805249853 58.7620839902
-62.6821064485 57.964397211
-68.5810533718 56.1347261838
-74.5918454319 53.1611802302
-80.666765727 49.0039211701
-86.1328972456 43.6988103418
-90.9149221181 37.3563073355
-94.7626486374 30.1561641735
-97.4841119582 22.3391042937
-98.954480019 14.1974159921
-99.122465625 5.78388267405
-98.0128324831 -2.21954201508
-95.7242584194 -9.72953145546
-92.422399774 -17.6627648141
-88.3284870365 -23.5113960013
-83.7041731761 -28.3055776646
-78.8336528219 -31.9850737565
-74.0042724638 -34.5654556727
-69.4869591767 -36.1358900809
-65.5178080134 -36.8521325419
-62.2820861728 -36.9250638133
-59.901735322 -36.6054955973
-58.4271820383 -36.1662676879
-57.8339002401 -35.8828589742
-58.02370869 -36.013840577
-58.8302311869 -36.7825105254
-60.0272969046 -38.3609658315
-61.3383134965 -40.8576895778
-62.7345478119 -44.3094577105
-63.5483982125 -48.6780026213
-63.7176184153 -53.8514083017
-63.0069014531 -59.6496548765
-61.239594752 -65.8330786514
-58.3064763651 -72.1117674589
-54.1719251241 -78.4463797388
-48.8761186959 -84.1550886132
-42.5325629075 -89.1637974124
-35.320830392 -93.225876013
-27.4748666119 -96.1536693125
-19.267606637 -97.8272745337
-10.9929366841 -98.2006845798
-2.94623037425 -97.3039427898
4.59520907477 -95.2406223066
11.3904629289 -92.180516449
17.2508176086 -88.3479049702
22.0520250627 -84.0061448919
25.7422134409 -79.4396237241
28.3450308266 -74.9343073156
29.9580716453 -70.7582143299
30.7471969016 -67.1431544021
30.9380156248 -64.2689774155
30.8065458093 -62.2513970226
30.3705965751 -61.1341725456
30.3029774905 -60.8860597113
30.6619732008 -61.4024723087
31.6782236638 -62.5112338091
33.5237006685 -63.9811402495
36.3030448085 -65.53130326
40.0476164603 -67.1424919399
44.7135810635 -68.1368736701
50.1846856925 -68.4544820521
56.2798152901 -67.863828358
62.764942997 -66.1928616911
69.3687097612 -63.3376055076
75.800583849 -59.2680517177
81.7703610017 -54.030003436
87.0076707871 -47.7422192417
91.2801541912 -40.5887789233
94.4090716739 -32.8070630978
96.2812897765 -24.6721168409
96.8568779206 -16.4784505072
96.1719252734 -8.5205192925
94.336660478 -1.07321676603
91.5295246526 5.62628340317
87.9885103589 11.3940989938
83.7801686771 16.1115758978
79.588140781 19.7328268125
75.4389737168 22.2874886132
71.6200311173 23.8787894991
68.3690301326 24.6775861203
65.8646796077 24.9136947032
64.2181111718 24.6448390925
63.4671302273 24.5427438783
63.5745619001 24.6258294383
64.4313097804 25.1701469879
65.8641827268 26.401638129
67.6480771434 28.4867918497
69.5217289575 31.5241338827
71.2059710322 35.5385625292
72.4232479382 40.4797946446
72.917050888 46.225529757
72.4699411943 52.5893792482
70.9189308678 59.3331411754
68.1671838997 66.1826296419
64.1912913959 72.8459906436
59.0437580334 79.0332540207
52.850816305 84.4757835326
45.8062586891 88.9442941509
38.1626462491 92.2642074229
29.9997240872 94.327312206
22.0040506168 95.0989892051
14.2207622113 94.6206435616
6.94452841092 93.007470248
0.419564185202 90.4422522088
-5.1697620187 87.1665610647
-9.7073703386 83.2489412471
-13.1509855031 79.3627308508
-16.7028367979 75.5437240547
-18.1641626589 72.0748381456
-18.8697475766 69.1886287648
-19.0402954737 67.0578993267
-18.9323148514 65.7872955329
-18.8197354142 65.4078482666
-18.9743524323 65.8756838096
-19.6464383928 67.0754706709
-21.0468498758 68.8286173403
-23.331851298 70.9057750006
-26.591676182 73.0428336307
-30.8435509416 74.9593290178
-36.0295158205 76.3780019698
-42.0188925796 77.04416948
-48.6146688054 76.743580734
-55.5623943005 75.3175386845
-62.7830126422 72.6742704306
-69.5995762607 68.7958268415
-75.9633876667 63.7401837503
-81.5872077025 57.6387036162
-86.2355676682 50.6896978121
-89.7341801943 43.1495056363
-91.978250463 35.0992468201
-92.9377623603 27.2169178965
-92.6585539466 19.5561779603
-91.2586417553 12.4075312356
-88.9198038597 6.01031369178
-85.8748874002 0.543283092684
-82.3916673247 -3.88365344385
-78.7543494719 -7.23466143072
-75.24398282 -9.54897586669
-72.1191227269 -12.1011867606
-69.59806931 -12.7585588585
-67.8438927446 -12.9185777872
-66.9532502125 -12.8394365706
-66.9496974912 -12.7952041618
-67.7818017526 -13.0562306753
-69.3258710322 -13.8698282449
-71.3925300335 -15.4425504075
-73.7356914528 -17.9252790354
-76.287283753 -21.4021192738
-78.387751672 -25.8837996925
-79.9938959587 -31.3058769249
-80.8334813171 -37.5315514473
-80.6866278529 -44.358313843
-79.395198926 -51.5269589052
-76.8709415754 -58.9569201035
-73.1005044457 -65.9773501288
-68.1461918822 -72.5310075515
-62.1419519128 -78.3338238464
-55.2846401992 -83.1542175053
-47.8210517178 -86.8225076156
-40.031566929 -89.2390442794
-32.2115194952 -90.3791931677
-24.6515582347 -90.2940437304
-17.618346933 -89.1063481193
-11.3369218849 -87.001740736
-5.97590860354 -84.2157364834
-1.63658601457 -81.0173592797
1.65352135443 -77.6905111912
3.94224517154 -74.5143566499
5.34978824429 -71.7440656448
6.06196363344 -69.5932345164
6.32115550915 -68.2191830349
6.18901496681 -67.7121118115
6.31469515708 -68.0887947721
6.74152276955 -69.2910774186
7.73367116741 -71.1889529138
9.50290979566 -73.5873946504
12.199235541 -76.2354359
15.9028940813 -79.0642478223
20.6196164295 -81.41884781
26.2801682096 -83.2484078922
32.7446762198 -84.2838643041
39.8116585444 -84.3092679985
47.2312408616 -83.1711622518
54.7216926746 -80.7865334001
61.9881629518 -77.1475218691
68.7423351087 -72.321806816
74.7216563987 -66.4482091707
79.7068265971 -59.727594649
83.5363553666 -52.4096004062
86.1172168825 -44.7760564147
87.4309441738 -37.1222253724
87.5349141925 -29.7371429938
86.5590778764 -22.8844038868
84.6989873992 -16.7847068894
82.2066654218 -11.6013477266
79.1500104264 -7.42962613966
76.1822605486 -4.29081926016
73.3593914116 -2.13096292012
70.9506900916 -0.824177836228
69.1728615922 -0.179678157731
68.1806578699 0.0490942613199
68.0590364863 -0.0770349734064
68.818624713 0.0872144218106
70.3955433118 0.591096071315
72.6560173027 1.69482071044
75.4056688067 3.60541186379
78.4029495056 6.46736285242
81.3758274092 10.3548590621
84.0405944485 15.2673289246
86.1215079312 21.1293669785
87.3699200955 27.7954469745
87.5815858879 35.0593122769
86.6109696627 42.6674947826
84.3815967601 50.3360722368
80.8918158651 57.7695271663
76.2157526784 64.68041868
70.4997447483 70.8085211003
63.9551513142 75.9381207877
56.8491306982 79.9122946075
49.2600602891 82.6432202581
41.850753705 84.117890137
34.6928522749 84.3990165637
28.0639182839 83.6214270067
22.1881637644 81.9848534748
17.2270923307 79.7447204356
13.2718096508 76.9664910901
10.3387294795 74.3002487215
8.36968664719 71.8062838482
7.2368475578 69.7492495857
6.75228258754 68.340457144
6.68163330833 67.7285451373
6.76097067079 67.9918495219
6.7156981821 69.1341887105
5.10257612474 71.0850643983
3.9932777677 73.7046593018
2.03116122886 76.793488368
-0.918181971232 80.106130049
-4.92033665228 83.3681289662
-9.96660180377 86.2949206977
-15.9733358712 88.6114835198
-22.7857836738 90.0713707181
-30.1854490772 90.4738205511
-37.8993728105 89.6777791036
-45.8493674565 87.6119041089
-53.3724843773 84.279945343
-60.3933218553 79.7613194068
-66.6378018313 74.2072136092
-71.8865243703 67.8331652472
-75.9840866779 60.9097688478
-78.8466001355 53.5121657812
-80.4657271462 46.3015530904
-80.9082690586 39.3531199607
-80.3109512366 32.9399549649
-78.8705714461 27.2810590684
-76.8301031593 22.532038415
-74.4616761095 18.7776323744
-72.0475924853 16.0277429815
-69.8606785175 14.2179239524
-68.1453178931 13.2146741987
-67.1004654256 12.8253621842
-66.8657967189 12.8121835799
-67.5119121888 12.9092254656
-69.0351817392 12.8414758086
-71.3573896451 12.3444771164
-74.3298177611 10.0153753253
-77.7407890512 7.96878433316
-81.3249826359 4.90898315713
-85.0180170339 0.776610379571
-88.1680349273 -4.41317479379
-90.7084036652 -10.5704135198
-92.3797766918 -17.5344990453
-92.9782234825 -25.0817703455
-92.364477476 -32.9348465241
-90.4712502372 -41.0186729042
-87.306982067 -48.6695015255
-82.9551026891 -55.8082889193
-77.5684843667 -62.1644518759
-71.359283844 -67.5228254784
-64.5847888613 -71.7329177733
-57.530209661 -74.7161999295
-50.489585885 -76.4698139567
-43.746114561 -77.0657819566
-37.5532454857 -76.6454080919
-32.1178362415 -75.4090769866
-27.58651032 -73.6020701143
-24.0361183813 -71.4973448866
-21.4688645479 -69.3764496248
-19.812226812 -67.5098813833
-18.9232731357 -66.1382326923
-18.5963526311 -65.4554177018
-18.5724243362 -65.5951179343
-18.7996928895 -66.6213429003
-18.6337315081 -68.5236611817
-18.0142793337 -71.2172232633
-16.6930360073 -74.5471683752
-14.4772693703 -78.2963839099
-11.2389851806 -82.1948675891
-6.92203689488 -86.1820198864
-1.5455936812 -89.6035265159
4.79691783617 -92.3897888363
11.9436799376 -94.2847822155
19.6749321442 -95.0886677017
27.7273621107 -94.6669651829
35.8114810611 -92.9576341255
43.6308018345 -89.9744919105
50.9015083842 -85.8060956181
57.3712710295 -80.6098142571
62.8359219015 -74.6013248906
67.1528598573 -68.0401778875
70.2503036465 -61.212393612
72.131856319 -54.411275269
72.8762827472 -47.9177503362
72.632935707 -41.9815860458
71.613894223 -36.8047627227
70.0846008218 -32.5281324443
68.0964156733 -29.2222394602
66.3005199695 -26.8828330997
64.7632716345 -25.4311634917
63.7351813823 -24.7186153432
63.4111011317 -24.5346052484
63.9211090629 -24.6159435468
65.3235774353 -24.9160881635
67.6019575449 -24.7873141526
70.666124923 -24.1678890862
74.3585312949 -22.8134940002
78.46490791 -20.5361765817
82.7288576436 -17.2134324707
86.8693607363 -12.7950719588
90.6000011955 -7.30634957019
93.6485977216 -0.846523771349
95.7758945506 6.41739087043
96.7920338158 14.2614163676
96.56969193 22.4192804174
95.0530180741 30.5999824984
92.2618631464 38.5070611912
88.2912324839 45.8582453132
83.3064353052 52.4041444901
77.5350381564 57.9447025181
71.2574586477 62.3422992757
64.5319511108 65.5306440433
58.0251455036 67.5189548692
51.8158072563 68.391365088
46.1630995535 68.302039252
41.2698709941 67.4671165732
37.2735958287 66.1553304995
34.2396187485 64.4110198314
32.1581916233 62.8892753219
30.9461043825 61.6562485754
30.4531217165 60.9576639967
30.472941439 60.9828074655
30.7579892087 61.8555134541
31.0370578428 63.627485492
31.0345876837 66.275425511
30.4902673857 69.7027639117
29.1776120884 73.7461931891
26.9202482237 78.1867136295
23.6048011686 82.76449996
19.1895436133 87.1965928819
12.5436053733 91.1962091536
6.08018194435 94.4923483137
-1.19449805712 96.8483532424
-9.04173068949 98.0781555505
-17.1713057173 98.0591052688
-25.5248101594 96.7405474725
-33.4257607271 94.1476663282
-40.7911666376 90.3805695857
-47.361425572 85.609133762
-52.9345885062 80.0647721697
-57.3753286432 74.0310245386
-60.6214887825 67.5580539271
-62.6867664077 61.31776063
-63.6587749239 55.3877930386
-63.6923039512 50.0225029922
-62.9980913593 45.4191840285
-61.8278148337 41.7091241271
-60.4563111689 38.9511094003
-59.1622372186 37.1288077666
-58.2084974688 36.1527840202
-57.8237795576 35.8673147705
-58.1864607362 36.0616834762
-59.4119752469 36.4852422315
-61.5444648965 36.8652280823
-64.5531727113 36.9261174557
-68.3335824921 36.4091927784
-72.7127553242 35.0909805351
-77.4576676565 32.7992998816
-82.2846144317 29.4258354774
-87.1515810127 24.934417434
-91.3863504238 19.364555197
-94.9171785401 12.8302307855
-97.4983167544 4.33916732462
-98.9424981917 -3.5576290334
-99.1297977903 -11.7295211561
-98.0139542701 -20.1261278578
-95.6247597758 -28.0632197836
-92.0657960656 -35.4587718162
-87.5073745192 -42.0570027483
-82.1750209523 -47.6605314261
-76.3342352569 -52.1392208746
-70.2725502261 -55.4364585344
-64.2801135849 -57.5714897426
-58.6301222169 -58.6370931631
-53.5604478659 -58.7924637629
-49.2577091899 -58.251651131
-45.8448659626 -57.2682884568
-43.3731374451 -56.1176403137
-41.8186784939 -55.0771955428
-41.0839838308 -54.4071349863
-41.0034330712 -54.3320126025
-41.3517365943 -55.024902574
-41.8532951381 -56.5950844312
-42.4844000894 -59.0800629265
-42.5765442063 -62.4423494259
-42.0700157902 -66.5709669328
-40.7324932709 -71.2870815174
-38.3904090413 -76.3525088988
-34.9376795435 -81.4790962171
-30.3417867291 -86.6335393223
-24.6458627052 -91.1340935179
-17.9660963927 -94.9105345374
-10.4843533555 -97.720656327
-2.43637760626 -99.3814910952
5.90367284578 -99.7780368151
14.2413166656 -98.8693079801
22.2812324523 -96.6903727739
29.746802057 -93.3497053176
36.3983772087 -89.0217524792
42.0490231669 -83.9350908631
46.576678275 -78.3569310464
49.9319481266 -72.57501289
52.1411275827 -66.8781278302
53.3045130895 -61.5366014478
53.5906316443 -56.7840723158
53.2276713366 -52.8018111473
52.4941516632 -49.7066375981
51.4060612903 -47.5432107289
50.6411137738 -46.2810930906
50.2583309097 -45.8165176766
50.4888961281 -45.9782215743
51.5052133668 -46.5360500553
53.4122847088 -47.4318897383
56.2418434141 -47.987277622
59.9505449933 -48.1879062243
64.4228580256 -47.7552581314
69.478730157 -46.4610341092
74.8856331411 -44.1364769006
80.3742138918 -40.6809569776
85.6564963117 -36.0677748301
90.4453911422 -30.3458884941
94.4741782436 -23.6369344597
97.5146275708 -16.1274748488
99.3925216401 -8.05687381713
99.9995335138 0.298418484395
99.300700232 8.64311536254
97.3371122193 16.6826314134
94.2239144711 24.1425723757
90.1442852951 30.7868440135
85.34072303 36.4331450835
79.8839015216 40.9648021799
74.4574366013 44.3381916688
69.0942468294 46.5853760325
64.0836504416 47.812058734
59.6650664011 48.1915331938
56.0186349496 47.955967632
53.2566917149 47.1651411859
51.4181025299 46.4890245162
50.4667165533 45.9506446621
50.2945404041 45.8264836514
50.7296758275 46.3428253889
51.5485979016 47.6663981097
52.491979974 49.8959088782
53.2829953789 53.0564644223
53.6468445358 57.0981245367
53.3301692673 61.8991809247
52.11902409 67.274195664
49.8541768449 72.9863694895
46.4427083218 78.7634407722
41.8651725102 84.3160414522
36.1779657767 89.3572562448
29.5110346135 93.6220461838
22.0616276407 96.8852070019
14.0854682664 98.9766369649
5.66477239574 99.7928875818
-2.51488111917 99.3042641013
-11.5732455002 97.5571308849
-18.9116315811 94.6715596023
-25.4518916135 90.8350357487
-31.0107807921 86.2936112118
-35.4740755504 81.1196114147
-38.8019986248 75.9869290542
-41.0304696907 70.9373497476
-42.2676174515 66.2557629822
-42.6855432043 62.176449413
-42.5077853677 58.8736779125
-41.9932992278 56.453346633
-41.418036249 54.9476117185
-41.0553826967 54.3137053263
-41.1567980366 54.4374973146
-41.9339796041 55.1418023457
-43.5437713847 56.1989762224
-46.0768314042 57.3469820396
-49.5507741996 58.3078381727
-53.9081121335 58.80718626
-59.0188319118 58.5936381487
-64.6868605851 57.4565762792
-70.6589985417 55.2411921669
-76.8584142496 51.8597525183
-82.6131372058 47.2983820731
-87.8746406306 41.6190465131
-92.3596949135 34.9569077048
-95.8371259444 27.5138071647
-98.1372235734 19.5493119319
-99.1599923461 11.1467414745
-98.8803387018 2.98373559755
-97.3490262735 -4.88176696724
-94.6888736835 -13.3228228795
-91.0862173115 -19.7938897343
-86.7781148977 -25.2900317501
-82.0361245482 -29.7024245869
-77.1477577319 -32.9969502757
-72.3968741871 -35.2150785257
-68.0443613051 -36.4699898602
-64.3104205219 -36.9379708653
-61.3596685193 -36.8455637192
-59.2900516331 -36.4533093559
-58.1262677668 -36.0371861293
-57.8179913276 -35.8690136609
-58.242703237 -36.197164691
-59.2123399142 -37.2289062025
-60.4822922901 -39.11557485
-61.9870543223 -41.9415808059
-63.0715146633 -45.7179285244
-63.6927085002 -50.380542636
-63.5820172717 -55.7931921996
-62.5233047454 -61.7542168816
-60.3622972314 -68.0055742726
-57.0146602868 -74.4691664353
-52.4709162715 -80.4784708318
-46.797078496 -85.9767093098
-40.1305143946 -90.683749733
-32.6710921623 -94.3722410115
-24.6681126156 -96.8770195153
-16.4038806754 -98.1031758522
-8.17502881383 -98.0309387224
-0.272868078284 -96.7162624317
7.035889123 -94.2866398223
13.5267163917 -90.9322028788
19.0319735809 -86.8926190708
23.4517380988 -82.4406426216
26.7600956318 -77.8634363281
29.0066234954 -73.4429413072
30.3132993542 -69.4366391126
30.8676622787 -66.0600230453
30.9137420107 -63.4719731747
30.5135623545 -61.7640125983
30.3155589346 -60.954110788
30.3658692037 -60.9852935124
30.9284408221 -61.7288177719
32.2147342668 -62.9910744538
34.3743574751 -64.5226909904
37.4871451445 -66.2578601764
41.5584886384 -67.5456122059
46.5189971346 -68.3358598433
52.2289400339 -68.363307523
58.4873847055 -67.4159123744
65.045502395 -65.3442485629
71.6231685552 -62.0693902973
77.9277319781 -57.5875199114
83.6736699124 -51.9701912241
88.6017838427 -45.3598074927
92.49662278 -37.9604077015
95.2009477808 -30.0242946662
96.6262729537 -21.8353834887
96.7588344533 -13.6903992667
95.6607498733 -5.87920864333
93.4666360632 1.33436922028
90.3765536778 7.72996035397
86.6468417511 13.1450588508
82.3480579011 17.4855144421
78.1356012743 20.7314420624
74.0702714449 22.9383231212
70.4232939232 24.2335753192
67.4130869918 24.8094696451
65.1958937052 24.9139696823
63.8579973487 24.6077016524
63.4112770964 24.535553397
63.7931413703 24.7489985696
64.8712518465 25.5077913122
66.4529211861 27.018416582
68.2986323869 29.4247561385
70.1387871526 32.8003728205
71.6925448675 37.1441574945
72.687462636 42.3803653299
72.8785904098 48.3634450134
72.0657134671 54.8875361589
70.1075674445 61.7000764977
66.932078735 68.5186214511
62.542005372 75.0497343843
57.0157705047 81.0086562309
50.5037922486 86.1384082476
43.2212200499 90.2270214156
35.4386887534 93.1217204514
27.2360128355 94.739119517
19.2775574845 95.0708105349
11.6383562568 94.184143515
4.59667711518 92.2185114862
-1.622858853 89.3780604975
-6.85861525913 85.9224477125
-11.019556028 81.9193857663
-14.0894307872 78.0216157247
-17.3044334321 74.2938494542
-18.4828803671 71.0026373585
-18.9766629636 68.3609715193
-19.0207949639 66.5189629462
-18.879962806 65.5562716235
-18.8295894177 65.4779850097
-19.1361835372 66.2149289872
-20.0383208048 67.6287782846
-21.7295585705 69.5218111098
-24.3444473889 71.6507251269
-27.9485685004 73.7435989977
-32.5331982514 75.5188454744
-38.0147773669 76.7048584903
-44.2388452648 77.0590078317
-50.9874871962 76.3846808054
-57.9886348971 74.5452108262
-65.1673030711 71.4737680486
-71.8629154099 67.17861705
-78.0013316015 61.743571145
-83.3121545204 55.3239921616
-87.5799766737 48.1392984567
-90.6536791393 40.4636525718
-92.4538767327 32.3733827416
-92.9768500513 24.5318832024
-92.2940121619 17.0174736262
-90.546570139 10.1040268888
-87.9355594093 4.0110236351
-84.7078519228 -1.10573116372
-81.1390675535 -5.1615045026
-77.5145518229 -8.14649707284
-74.1097220489 -10.1252286086
-71.1711283471 -12.3991690076
-68.8995255445 -12.8574644861
-67.4361070184 -12.9045424177
-66.8528117403 -12.8062515279
-67.1472813791 -12.8376060068
-68.242615217 -13.2631331916
-69.9915468366 -14.3179604754
-72.1840480595 -16.1909357341
-74.5566524552 -19.0109290046
-77.0493069792 -22.8372218963
-79.0128101814 -27.6545552907
-80.3826650181 -33.3729752602
-80.9036712562 -39.8320918367
-80.3762153841 -46.8087452691
-78.665489452 -54.0263597337
-75.7087264304 -61.4133384206
-71.5188409856 -68.3076567371
-66.183565624 -74.631781795
-59.8597785264 -80.1187198701
-52.7632310726 -84.5572093267
-45.1543000556 -87.8009513582
-37.3207118925 -89.7758259541
-29.558413766 -90.4834938334
-22.1518995675 -90.0004846297
-15.3553367687 -88.4724764655
-9.37578391134 -86.1039822242
-4.35963729361 -83.144073313
-0.383199619693 -79.8690925062
2.55207710372 -76.5635335732
4.51955731999 -73.5003968204
5.66300907934 -70.9223664191
6.18884990239 -69.0250974453
6.35680788556 -67.9437479279
6.21673073166 -67.7436438849
6.41360885209 -68.4156233276
7.00817547854 -69.8761685215
8.24756112738 -71.9719044228
10.3232482373 -74.4874151494
13.3619267643 -77.1546095998
17.4184579215 -79.9176340783
22.4725093961 -82.1243491457
28.4297303885 -83.7077173409
35.1277345241 -84.4159592267
42.3466530713 -84.0536623391
49.8236099762 -82.4909203365
57.2701539803 -79.6703315631
64.3914615333 -75.6103055419
70.9059973426 -70.4038193852
76.5642872183 -64.2123648943
81.165520372 -57.2553312236
84.5708555168 -49.7954773969
86.712556988 -42.1214636954
87.5984336634 -34.5286309764
87.3114947065 -27.2993423447
86.0052720847 -20.6842322652
83.8958904338 -14.8856441961
81.2526901376 -10.0443791194
78.1279323597 -6.2306239619
75.1768575566 -3.43958082919
72.4689822812 -1.59187521631
70.2565004639 -0.538283919642
68.7357598868 -0.0676912438933
68.0381696021 0.0835447145446
68.2233374036 -0.0405746649685
69.2759533952 0.208561515829
71.1072467843 0.892584057958
73.5612488021 2.25440128877
76.425595104 4.48047504667
79.4461961511 7.69176987424
82.3447938972 11.9369634558
84.8382076212 17.1894224947
86.657950944 23.3487608219
87.5688759532 30.2472038129
87.3855689315 37.6604851537
85.9853854378 45.3225986563
83.3172704357 52.94341916
79.4058617903 60.2279925822
74.350822767 66.8961758938
68.3218911676 72.7012831908
61.550769422 77.446464117
54.3217113253 80.9977056613
46.6933709359 83.2926078071
39.3365308644 84.3444376513
32.332351374 84.2414154364
25.941045872 83.141729451
20.3661988488 81.2654149499
15.7457399941 78.8849651292
12.1452698089 76.0451282542
9.55520595556 73.4054990706
7.89253673877 71.0349459174
7.0073799521 69.1807753604
6.69405184966 68.0336784302
6.70595221359 67.7187447485
6.77326738515 68.2888556988
5.45748947573 69.7219140309
4.80510378396 71.9226859533
3.4205451633 74.7294451199
1.12953252909 77.9251159556
-2.17950061598 81.2522164873
-6.54687045471 84.430598258
-11.9378428112 87.1767729942
-18.2435911383 89.2235024789
-25.2863868379 90.3383095485
-32.8278534814 90.3396442827
-40.578379079 89.109610296
-48.4838590457 86.6024215609
-55.8675991545 82.8481204043
-62.6488616854 77.9515422103
-68.5713697189 72.0870619468
-73.4368079674 65.4903018969
-77.1137576009 58.4487189289
-79.5441637309 51.0125909886
-80.7459129387 43.8586280008
-80.8107750305 37.0666333833
-79.8975453146 30.8920996879
-78.2207111209 25.5331478479
-76.0353590241 21.1216171022
-73.6193372864 17.7166512004
-71.2538914033 15.3021919517
-69.2040993218 13.7891159177
-67.7004468938 13.0221694716
-66.9228034434 12.7913715487
-66.9878819492 12.8471622107
-67.9409982854 12.918278621
-69.7525792185 12.7311381931
-72.3194094261 12.0294015238
-75.4700536865 9.41678731357
-78.973241586 7.03165863875
-82.5472586016 3.60462345791
-86.1560464425 -0.898286294637
-89.1280049664 -6.43588597869
-91.395120387 -12.8931598816
-92.7160996259 -20.0867468726
-92.9083427716 -27.7733660739
-91.8567554789 -35.6592135431
-89.5199796404 -43.6985410322
-85.9326660463 -51.2062706745
-81.2030834812 -58.1028883551
-75.5059347448 -64.1358619083
-69.0707314446 -69.1113611984
-62.1664660762 -72.9030652127
-55.0836118955 -75.4583609461
-48.1146783838 -76.800569128
-41.5346527233 -77.0265010614
-35.5826656274 -76.2992253707
-30.4461331127 -74.836403304
-26.2484443576 -72.8949363911
-23.0409896623 -70.7529607324
-20.7999517105 -68.6904179842
-19.4278178345 -66.9695342043
-18.7590107957 -65.8165441389
-18.5683807249 -65.4059102646
-18.5805513066 -65.8481029406
-18.7761634748 -67.1817303871
-18.4848040377 -69.3704348793
-17.6485574745 -72.3045045327
-16.0372282361 -75.8065883588
-13.4794566094 -79.6402458843
-9.87140355519 -83.5193115601
-5.18274488951 -87.4168311209
0.54135562389 -90.6511128651
7.18296004294 -93.1560199067
14.5588526777 -94.6938426115
22.4324396939 -95.086330323
30.5292917982 -94.2233669962
38.5552839997 -92.0689279494
46.2160952091 -88.6629986377
53.2367338937 -84.1187995021
59.3797541465 -78.6152294037
64.4609193552 -72.384913936
68.3612581674 -65.6986239901
71.0347396479 -58.8471143577
72.511171407 -52.121621874
72.8943960493 -45.7943576317
72.3564275441 -40.1003281512
71.1288300659 -35.2217260455
69.271776099 -31.2759417018
67.4649197206 -28.3079637843
65.7269141378 -26.2875579733
64.3397222102 -25.1111402684
63.535722185 -24.6076934217
63.488367694 -24.5474126097
64.3036058264 -24.8726848392
66.0140916207 -24.9098119326
68.5774840389 -24.6424103206
71.8794498993 -23.7942482227
75.7414383404 -22.1393847568
79.932819165 -19.5115043004
84.186603887 -15.8124523502
88.2176884513 -11.0179473868
91.7423714373 -5.17919502212
94.4978110821 1.58021222064
96.260088667 9.07216374961
96.859644708 17.0562549177
96.193047973 25.2555797361
94.230345613 33.3750274797
91.0176256508 41.12083473
86.6749007064 48.2200554333
81.3899941644 54.4386172782
75.4097769973 59.5967331012
68.808771863 63.5806311243
62.2705419507 66.3498576073
55.834010051 67.9397899618
49.7901693694 68.4594775266
44.3798277445 68.0855010372
39.7842147118 67.0532103485
36.1165024851 65.4251454623
33.4162282425 63.8704879407
31.6478578997 62.417507284
30.7040790308 61.3438448558
30.413852763 60.8768239675
30.55479132 61.1840778137
30.8690594282 62.365128708
31.0817240171 64.4458931534
30.9202975586 67.3773415869
30.1341359774 71.0388906278
28.5123623484 75.2465493373
25.8990925595 79.7653793603
22.2049387684 84.3254618655
17.4140608203 88.6402919375
10.4167363836 92.4263434916
3.64991374669 95.4224648899
-3.85218052288 97.4077772256
-11.8320113932 98.2168537216
-20.2068463201 97.7511598524
-28.2942683414 95.9860296431
-36.0428988623 92.9728441389
-43.160458728 88.8365632528
-49.406163912 83.769342109
-54.6001324311 78.0216375878
-58.6317264929 71.669338093
-61.4648931215 65.3869146603
-63.1393076712 59.2218321308
-63.766771106 53.4607214715
-63.5228637104 48.3393215184
-62.6343150018 44.0330674265
-61.3629120236 40.6487817573
-59.9870359339 38.2193922652
-58.7820898446 36.7028608209
-58.0011592252 35.9858629637
-57.85722986 35.892207329
-58.5081773287 36.1955286209
-60.0455362885 36.6354269231
-62.4877574453 36.9359599414
-65.7782650341 36.8252232611
-69.7881378713 36.0546768755
-74.3226526009 34.4168941057
-79.1302486275 31.760521573
-84.1367846942 28.0014461214
-88.6754246258 23.1294665019
-92.6982333536 17.2101642353
-95.9262627093 9.21800016279
-98.1328712625 1.66380250261
-99.1531268133 -6.36352784148
-98.8919938234 -14.7797169335
-97.3294195156 -22.9089467891
-94.5211674618 -30.6912633293
-90.5948878806 -37.8377485735
-85.7414595865 -44.1116999788
-80.2020895621 -49.3380407295
-74.252012473 -53.4114809387
-68.1818941028 -56.3015558299
-62.2782096635 -58.0534005408
-56.8039402244 -58.7837600854
-51.9809081043 -58.6722772148
-47.9749549922 -57.948550438
-44.8849547924 -56.8758092951
-42.7363467343 -55.732314129
-41.4794731519 -54.7917530583
-40.9925105074 -54.3039796361
-41.0881917266 -54.4774107676
-41.5228327156 -55.4642858653
-42.2330052713 -57.3497749422
-42.5672397435 -60.1456153749
-42.4822597265 -63.7885544179
-41.7123710196 -68.1433772148
-40.0444589106 -73.009708025
-37.327360888 -78.1310856789
-33.4798803501 -83.4323813196
-28.4956050434 -88.2515950208
-22.4434229761 -92.5328722995
-15.4632628921 -96.0003350124
-7.75712603483 -98.431149156
0.424079102538 -99.6649202821
8.79703707072 -99.611693541
17.0647432376 -98.2567344196
24.9361605731 -95.6609937501
32.1454707571 -91.9567933884
38.4696033875 -87.3388070974
43.7428502172 -82.0508546192
47.8675891856 -76.3693756879
50.8204555345 -70.5847048127
52.6537045047 -64.9814270538
53.4920120061 -59.8191597237
53.5255562336 -55.315074965
53.0009144659 -51.6293534966
51.9812685855 -48.8545404669
51.115384903 -47.0094603201
50.4529553112 -46.0379388591
50.2585373341 -45.8120772842
50.7440952809 -46.1392248914
52.0596377585 -46.7711043399
54.2853540639 -47.6444958486
57.427036212 -48.1116923766
61.4158504049 -48.1228472954
66.1128934807 -47.4157871962
71.3184363033 -45.7816970292
76.7853171594 -43.0744712366
82.235604021 -39.218529685
87.3793950095 -34.2133239798
91.9344715622 -28.1334811896
95.6454586483 -21.1241587592
98.3011809192 -13.3917164551
99.7490328983 -5.19024857392
99.9054052185 3.19513766624
98.7615275128 11.4671636146
96.3845018368 19.3360533012
92.9138084686 26.5386942771
88.5541685773 32.8559753327
83.566345591 38.1271219753
78.0235162428 42.2600759702
72.5834355279 45.2372853487
67.3115949137 47.1166860798
62.4810939209 48.0281660768
58.3119577811 48.166406371
54.9617751308 47.781693133
52.5179726978 46.9352557747
50.9934647009 46.2726582863
50.3266978066 45.8483649447
50.3864902869 45.9225364095
50.9815365135 46.7019625458
51.8740150992 48.3307368549
52.7964008583 50.8826017744
53.4703373035 54.3566902243
53.6262776313 58.6776734095
53.0225480644 63.7007042012
51.4625280252 69.2210194232
48.8087769025 74.9876330583
44.9931671504 80.7202157593
40.0224081191 86.1280141123
33.9787643633 90.9295158409
27.0162862092 94.8715145741
19.353479075 97.7462699124
11.2640414491 99.4055953336
2.82873396043 99.7709379622
-5.28670506772 98.8388404036
-14.1824380924 96.6815957011
-21.2700173166 93.4434220198
-27.4888975335 89.33309389
-32.6788273501 84.6146717619
-36.7508600241 79.3581385797
-39.6914398342 74.2191491765
-41.5620507746 69.266767831
-42.4940654289 64.7694377792
-42.678953346 60.9417844983
-42.3544350118 57.9353032919
-41.7874996034 55.8308515402
-41.2554421174 54.6346224405
-41.0262181813 54.2785677638
-41.3394628909 54.6256225359
-42.3894733655 55.4795646261
-44.3113133719 56.5989169793
-47.1709623459 57.7139696712
-50.9601004307 58.545763097
-55.5956957549 58.825732412
-60.9240400914 58.3146668483
-66.7282642751 56.8196857121
-72.7376552993 54.2080757402
-78.880996636 50.4170720494
-84.5003624591 45.4589971558
-89.5234194999 39.4215994681
-93.6838743397 32.463954274
-96.7707152852 24.8089065381
-98.6374864852 16.7337458137
-99.2096572379 8.31545794361
-98.4884459269 0.219410098826
-96.5501627897 -7.4734206145
-93.5407457982 -15.6569123358
-89.6656793251 -21.8082440009
-85.1759059782 -26.9388847531
-80.3506680018 -30.9654154664
-75.4784459857 -33.8799456628
-70.8372992667 -35.7493810801
-66.675954376 -36.7098865507
-63.1969351598 -36.9567411547
-60.5428807989 -36.7302018089
-58.7869558531 -36.2983159571
-57.927919684 -35.9378538575
-57.8899911405 -35.9146660937
-58.5271182434 -36.4648123938
-59.6306417693 -37.7777536033
-60.9386261113 -39.9827497425
-62.3950884943 -43.1393634701
-63.3529015638 -47.2326299865
-63.7493599466 -52.1730214325
-63.3329204481 -57.8008061759
-61.9077585329 -63.8937810338
-59.3429578251 -70.1766374389
-55.5796670183 -76.5818095698
-50.6346317141 -82.4492848414
-44.5992073968 -87.7036015863
-37.633563769 -92.0818003752
-29.9562999905 -95.376953114
-21.830105003 -97.4473647844
-13.5444170769 -98.2237109019
-5.39626197849 -97.712530039
2.32942025808 -95.9951879439
9.37861407867 -93.2220322797
15.5449455906 -89.601964826
20.6831445682 -85.3880711024
24.7183658342 -80.8602658238
27.6508274191 -76.3061363406
29.555660431 -72.0012952955
30.5783977899 -68.1905881039
30.9271558861 -65.0714405671
30.8632848097 -62.7804769359
30.4355092679 -61.3842890691
30.2904892029 -60.8748929717
30.4902527189 -61.1699699507
31.2816797932 -62.1174558963
32.8559127175 -63.5034137784
35.3392361698 -65.0614013437
38.7861131841 -66.7401152959
43.1759219091 -67.8890681328
48.414245415 -68.443496771
54.3389688734 -68.1554348352
60.730935175 -66.8334237746
67.3285014865 -64.3516176253
73.8450253602 -60.6566996328
79.9880898169 -55.7710776798
85.4791523066 -49.7915165785
90.0722726291 -42.8829617135
93.5706397559 -35.2678102658
95.8397770384 -27.2112933029
96.8165595199 -19.0039443922
96.513525988 -10.9423480804
95.0184120019 -3.30948457966
92.4893684233 3.64398468362
89.1469629478 9.71621237395
85.2647898 14.7673241804
80.8962124007 18.7283798961
76.7009750219 21.6056255911
72.7518750988 23.4799709389
69.3029711584 24.5021655609
66.5522440799 24.8847827355
64.6325283729 24.8928479933
63.6047204857 24.5686440381
63.45476192 24.5627779093
64.0952083704 24.9376087086
65.3716042374 25.9355630261
67.0733846758 27.7425348086
68.9486248431 30.47886414
70.7216481947 34.1926234445
72.1122925485 38.856697053
72.8555141965 44.3704550291
72.7199865849 50.566231788
71.5244210139 57.2203243746
69.1505024212 64.0678242729
65.5515936164 70.8202903222
60.7567163158 77.1850586968
54.8697670044 82.8848689756
48.0644700022 87.6764630855
40.5762091635 91.3668863403
32.6926133592 93.8263869261
24.4721581211 94.9970719967
16.5894921031 94.8968350386
9.1276111652 93.618520351
2.3473338998 91.324836357
-3.54744694915 88.240170013
-8.41874925315 84.6411898314
-12.2010879903 80.5733126575
-16.0690898014 76.7011447918
-17.8014734747 73.0964562974
-18.7196118432 70.0083795347
-19.0297424336 67.6292104818
-18.9791619836 66.0854510904
-18.8384672528 65.4312760682
-18.88222121 65.6458633947
-19.3693685394 66.6353489045
-20.5247421223 68.239580977
-22.5229251688 70.243361774
-25.4755620133 72.3914665419
-29.4229442374 74.4064322671
-34.3303377509 76.0079014237
-40.0890607389 76.9321956925
-46.5217719793 76.9507783538
-53.3907839405 75.8863425678
-60.4074752955 73.6254359525
-67.52258439 70.1267997474
-74.0594662171 65.4249634245
-79.9401906416 59.6290928554
-84.9122673916 52.9176420857
-88.7814795314 45.5300053912
-91.4207780539 37.7571076001
-92.7766641167 29.6487660912
-92.871654351 21.8862151725
-91.8020991096 14.5508468883
-89.7312032761 7.89883433933
-86.8775843233 2.1286754603
-83.500092692 -2.6276731106
-79.8799152579 -6.31112072093
-76.3011836628 -8.93783279387
-73.031415615 -10.5969660666
-70.3031288989 -12.619442566
-68.29788479 -12.9071262432
-67.133839838 -12.8731060694
-66.8576125629 -12.7886057841
-67.4409045063 -12.927231437
-68.7818532873 -13.5454227409
-70.7105388428 -14.8641010681
-72.9974128654 -17.0527684973
-75.3626756087 -20.2171330688
-77.7762244466 -24.3910614783
-79.5667326216 -29.5332918241
-80.6698112649 -35.5288757186
-80.8483718837 -42.1947610899
-79.9241866804 -49.288274325
-77.7866524436 -56.5165130484
-74.3989297114 -63.8388614462
-69.8000987955 -70.5696210163
-64.102642621 -76.6323213401
-57.4851400229 -81.7781267791
-50.1805321396 -85.8172162027
-42.4607088551 -88.6275465442
-34.6184518692 -90.1609645984
-26.9479659181 -90.4453199646
-19.7253299208 -89.581898904
-13.1902053996 -87.7380710454
-7.5300504043 -85.1355183669
-2.86790337232 -82.034798676
0.745477135159 -78.7172839294
3.3347040491 -75.4657071612
4.99813985025 -72.5446505338
5.90217870128 -70.182311081
6.27270751637 -68.5547900874
6.38577274708 -67.7739667339
6.25716794561 -67.8797366391
6.56031066335 -68.8370212422
7.35214241456 -70.537484603
8.86166231609 -72.8053301364
11.2589558085 -75.4058910573
14.6465540086 -78.0549748859
19.053525277 -80.7320421661
24.4336117391 -82.7551700555
30.6680611973 -84.0622660145
37.5732372569 -84.4199281864
44.9126175588 -83.6543899394
52.4124117678 -81.6601426271
59.7797474069 -78.4057979544
66.7221827576 -73.9358885328
72.9672118571 -68.3679660017
78.2804271226 -61.8849221903
82.4811003206 -54.7229302169
85.4541324658 -47.1557791512
87.1576077922 -39.4766579112
87.6255661818 -31.97863143
86.9660823625 -24.9351447967
85.3553088001 -18.5818890691
83.0288025108 -13.1012657576
80.0504901046 -8.61049559529
77.0995546678 -5.1541311442
74.2008368427 -2.70135203017
71.6380858378 -1.14794616156
69.6452996981 -0.322310160057
68.3973656329 0.00586257880588
68.0015189951 -0.105546917767
68.4916393733 0.0134646658249
69.8266513449 0.382134914846
71.8936412049 1.27532242295
74.5157394388 2.91753016827
77.4643518477 5.47356004648
80.4749500598 9.04002582367
83.265354672 13.639730134
85.5552614637 19.220161742
87.0856730057 25.6567145699
87.6369045568 32.7606699551
87.0439343932 40.2915182567
85.2080646567 47.9728252646
82.1041494325 55.5105728909
77.7830320781 62.6127223298
72.3693138216 69.0086612672
66.0551503321 74.4672048037
59.0914423294 78.8119225164
51.5560898093 81.9327615418
44.1323911419 83.7932276949
36.8647383243 84.4327734661
30.0453675464 83.9645232455
23.9160282901 82.5690423165
18.658582563 80.4855270459
14.3865781597 77.779808016
11.1397636429 75.1210551683
8.88276787623 72.543220887
7.50851678855 70.3256284182
6.84640456477 68.6971227534
6.67477567086 67.8266846865
6.73690801403 67.8150550295
6.75941611897 68.6893238315
5.30195023879 70.401696108
4.41995540642 72.8329969391
2.7392587447 75.8009248272
0.105982097463 79.072602929
-3.56757778441 82.3806131798
-8.29601538392 85.4414284234
-14.0186819908 87.974982436
-20.6021945833 89.7240371987
-27.8468511652 90.4720209213
-35.4955402871 90.0581191551
-43.4668419278 88.3886048533
-51.0825482601 85.4436914462
-58.2905076824 81.2795858869
-64.8015768994 76.0259062042
-70.3784038944 69.8792103638
-74.8448416585 63.0940601838
-78.0942382364 55.7494744794
-80.0946859876 48.520322777
-80.8900517645 41.4592481851
-80.5962538219 34.8542171267
-79.3928006996 28.94200044
-77.5100620663 23.8987584579
-75.2131015658 19.831787102
-72.7831670814 16.77432954
-70.4981045171 14.6846206835
-68.6130371977 13.449689224
-67.3426342998 12.8938940095
-66.8461783581 12.7917183529
-67.2164338314 12.883987338
-68.473015972 12.8964093543
-70.5605618107 12.5591739332
-73.3515129588 10.4620434042
-76.6527331242 8.70609365734
-80.2145017575 5.96976101262
-83.9656327548 2.17141479219
-87.244369655 -2.69711275624
-90.0035660421 -8.56877393575
-91.9685947226 -15.3041603562
-92.9173446332 -22.6981775083
-92.6896150618 -30.4890686966
-91.1952381691 -38.5941574175
-88.4190630175 -46.3412076664
-84.4216670453 -53.6697987171
-79.3352989707 -60.2940738874
-73.355100466 -65.9806845203
-66.7261026208 -70.5582031034
-59.7268471962 -73.925229968
-52.6507419788 -76.0553390994
-45.7864241556 -76.9977398066
-39.3984755661 -76.8731675361
-33.7098089279 -75.8650589591
-28.886924697 -74.206513624
-25.0290240931 -72.1638969414
-22.1616550106 -70.0181970606
-20.2351640374 -68.0454112987
-19.1277296204 -66.4973062038
-18.6521585468 -65.5838690655
-18.5649403561 -65.4586477353
-18.8040491621 -66.2079599777
-18.720677726 -67.8446432523
-18.2705245276 -70.3066108135
-17.1899721543 -73.4599803229
-15.2680618631 -77.1059467841
-12.3558593203 -80.9898825452
-8.37440640147 -85.0399471342
-3.31944208381 -88.5986662841
2.73819787744 -91.6113609703
9.65696081876 -93.8065057757
17.2336576257 -94.9658417314
25.216722214 -94.9337582014
33.3227805513 -93.6252243608
41.2554065048 -91.0304656236
48.7247832504 -87.2153055291
55.4669251189 -82.3167240579
61.2611455787 -76.5337191262
65.9445825635 -70.1139991024
69.4228125485 -63.3373805929
71.6758996625 -56.4970174689
72.7596356861 -49.8797441375
72.8022310427 -43.7468784139
71.9973158245 -38.3167970116
70.5948035218 -33.7504696488
68.6596931401 -30.1409160592
66.841991103 -27.5072338042
65.1955377973 -25.7934337018
63.9861741678 -24.8718139263
63.4270080345 -24.5500033786
63.6690545189 -24.5801097939
64.7934291672 -24.9008648986
66.8068613967 -24.866882442
69.6415753023 -24.4278734964
73.1599589497 -23.3239695286
77.1639120659 -21.3487449013
81.4083254948 -18.3585553041
85.6178039437 -14.2802876691
89.5054963762 -9.11576627149
92.7927459323 -2.9417787993
95.2282134631 4.09468943252
96.6051656593 11.7858952362
96.7757503335 19.8768983647
95.66130768 28.0823501377
93.2580872853 36.1053709799
89.6381563002 43.6572270082
84.9457945045 50.4764595206
79.3902770046 56.3461596462
73.2366449947 61.1082135091
66.5604043009 64.6735710297
60.0216169834 67.0279139568
53.6900991305 68.232515866
47.8405326566 68.4205986964
42.6942262851 67.7900969178
38.4097629722 66.5944416239
35.0753375927 64.8961596362
32.7045036584 63.3424386896
31.2363333158 61.9913716578
30.5403750321 61.1042433626
30.4262682266 60.8888348656
30.6574436371 61.4901062133
30.9680024324 62.9826022213
31.0816259851 65.3662877335
30.7312218099 68.5668057842
29.6779594505 72.4405337623
27.7283930595 76.7842890384
24.7485050627 81.3491065611
20.6737376349 85.8571766603
15.5144057328 90.0207917115
8.17786600656 93.5620054208
1.13153575783 96.2316582743
-6.56720429356 97.8264671754
-14.6431150291 98.2030164489
-23.0166226313 97.2877212396
-31.02298375 95.0821628634
-38.5843988024 91.6636188864
-45.4253387604 87.18112861
-51.3249828284 81.8480472305
-56.1265268297 75.9327492129
-59.7446686404 69.5072517556
-62.1696004498 63.2301275041
-63.4665461029 57.174478683
-63.7704955658 51.6103977283
-63.2763076653 46.753865107
-62.2247766627 42.7574508964
-60.885587964 39.7028726328
-59.5383233066 37.5970674875
-58.452816128 36.3727298882
-57.8702034968 35.893653447
-57.9859719732 35.9646984847
-58.9361510715 36.3457835563
-60.7875696154 36.7689711831
-63.5327572067 36.9574844836
-67.0896452775 36.6453525664
-71.3056997533 35.5963384071
-75.9655002325 33.6208534741
-80.8000687738 30.5897085976
-85.7424186377 26.4437904907
-90.1374262483 21.1990879327
-93.9149655061 14.946920911
-96.8131073757 6.68138863866
-98.6254615206 -1.06834891224
-99.2104223059 -9.18922796374
-98.4984596664 -17.6050276349
-96.4958330069 -25.6500508473
-93.2838087049 -33.2430948817
-89.0130695094 -40.1122258175
-83.8935171604 -46.0409645008
-78.1800879063 -50.8775271112
-72.1555242558 -54.542080996
-66.1112752807 -57.0304057547
-60.3278320765 -58.4130504475
-55.0558445941 -58.8296840087
-50.4993109758 -58.4788474723
-46.8019807625 -57.6037334488
-44.0378688897 -56.4749404471
-42.2064382505 -55.3713770984
-41.2325747825 -54.560624119
-40.9709505273 -54.280099943
-41.2137469151 -54.7203193633
-41.6999926499 -56.0113832424
-42.377281149 -58.2135913907
-42.599747717 -61.3127300598
-42.3059125194 -65.2201501656
-41.2471867754 -69.7772223341
-39.2308025097 -74.7631301553
-36.1289730606 -79.9042436414
-31.8859724576 -85.1375268399
-26.52155974 -89.8051702866
-20.1298706206 -93.8342256043
-12.8735005538 -96.9660750661
-4.97301022917 -98.9983991811
3.30750320629 -99.7943458627
11.6778083008 -99.2895865269
19.8407310215 -97.4956970052
27.5118240217 -94.4989959849
34.4381678878 -90.4545738272
40.4150199523 -85.5757500679
45.2991820904 -80.1196086701
49.0182094437 -74.3695761854
51.5749272143 -68.6162293694
53.0471625698 -63.1376455138
53.5831332745 -58.1806407792
53.3935639253 -53.94417915
52.7423246215 -50.5660772904
51.6777902574 -48.1138785438
50.8493319816 -46.5804226015
50.321017481 -45.8841959635
50.3403039188 -45.8740122211
51.0987983091 -46.3369404206
52.7231614905 -47.0076743018
55.2682153295 -47.8390209988
58.7137796657 -48.1813824278
62.96607524 -47.9717502324
67.8639332662 -46.965313936
73.1895514101 -44.9738793729
78.6831297306 -41.8749393343
84.060408609 -37.6185090928
89.0319138593 -32.230212114
93.3225920533 -25.8097900228
96.6904916297 -18.5248049591
98.9432125741 -10.5998018447
99.9510093613 -2.30160277809
99.6556884369 6.07828420977
98.0747927971 14.2429444821
95.3010121803 21.9097060048
91.4972980345 28.8288142819
86.8887977551 34.7998575937
81.7534527081 39.6848305285
76.145665356 43.4169819001
70.7298651176 46.0049459321
65.581990192 47.5321030618
60.9578844854 48.1516588755
57.0570418272 48.0785665328
54.0135637173 47.5801495652
51.8894408052 46.6977621484
50.671637673 46.0850731436
50.2737762957 45.8059413098
50.542624041 46.1031678624
51.2690972406 47.1629154544
52.2030912273 49.1057158435
53.0711422731 51.9798307356
53.5957160959 55.7584335553
53.5148015162 60.3413972047
52.6004664495 65.5618848722
50.675106703 71.1974476382
47.6242860234 76.9849339956
43.4053284955 82.6382124578
38.0511817413 87.8674991708
31.669521395 92.3989678729
24.4376140471 95.9932996604
16.5940972527 98.4619048134
8.42957128471 99.6797184268
0.00184387855356 99.5937357566
-9.1756953609 98.2268120507
-16.7143430627 95.676705177
-23.524341202 92.1108875858
-29.4026803907 87.7582970609
-34.2130163616 82.8999333105
-37.8921745199 77.581877956
-40.4527818907 72.4739936569
-41.9812715494 67.6508735685
-42.6310880935 63.363456248
-42.6114114864 59.805580868
-42.1721106993 57.1050600859
-41.5859379869 55.3172224421
-41.1291793489 54.4223455776
-41.0620867696 54.327724945
-41.6104331754 54.8745407564
-42.9494517163 55.8491986623
-45.1912469535 56.9984271012
-48.3764968301 58.0471163783
-52.4709009087 58.7176813486
-57.3663722808 58.7496210736
-62.8864177885 57.9179350051
-68.7945037482 56.0491361157
-74.8034622336 53.0337769532
-80.8694489867 48.834674833
-86.3161370053 43.4903873098
-91.0689396622 37.11394868
-94.8795699902 29.8874325656
-97.5583049205 22.0535546093
-98.9828351657 13.9062729833
-99.1045584605 5.49441250776
-97.950929568 -2.49647644717
-95.6231525359 -9.98386984609
-92.2890780887 -17.8873149948
-88.171651746 -23.7003550765
-83.5336462834 -28.4555216299
-78.6597054901 -32.0952561644
-73.8369248308 -34.6378110912
-69.335298583 -36.1748666205
-65.3893723052 -36.8643576792
-62.1823540858 -36.9188632096
-59.8337579296 -36.5902967224
-58.3913778658 -36.1519288023
-57.8280218983 -35.8789694063
-58.0429707695 -36.0290402478
-58.867567679 -36.823875329
-60.0736915759 -38.4335007676
-61.3831184412 -40.9639634606
-62.7714399577 -44.4494018391
-63.5669991574 -48.8488809955
-63.7086707343 -54.0479488035
-62.9630681888 -59.8643093058
-61.1557943345 -66.056354613
-58.1801566474 -72.3325468415
-54.0032154728 -78.6579871063
-48.6678244805 -84.3466350187
-42.2899887708 -89.3256179953
-35.0514373575 -93.3502373353
-27.1877833974 -96.2351049348
-18.9730274886 -97.8628585039
-10.7014466297 -98.190182206
-2.66810401503 -97.2498034149
4.85068726084 -95.1478007903
11.615610306 -92.0561286809
17.4400555297 -88.2007379978
22.202238086 -83.8460541394
25.8529438569 -79.2768583074
28.4185017007 -74.7788096268
29.999049907 -70.6189418627
30.7627297043 -67.0274702331
30.9370982523 -64.1821508255
30.7998078269 -62.1962474557
30.3638979852 -61.110878451
30.3069046749 -60.8921387922
30.685618057 -61.4329213264
31.7287568241 -62.5587943412
33.6060381891 -64.0366316958
36.4195804292 -65.8055611344
40.198078766 -67.1863848106
44.8950496919 -68.1612767042
50.3917789088 -68.4502600346
56.5050427915 -67.8237947131
62.9992027116 -66.1121114786
69.6018956779 -63.2137816272
76.0222635444 -59.10148542
81.9704765266 -53.8236953717
87.1772149362 -47.5016490512
91.4117759015 -40.3215497707
94.4975693866 -32.5224026012
96.3239600469 -24.3802675221
96.8536983769 -16.1899912036
96.1255662037 -8.24566392047
94.2523378673 -0.821138413906
91.4147293999 5.84805685358
87.8526736723 11.5801766579
83.6340905632 16.2590505384
79.4381733861 19.8414556636
75.2960828343 22.3597029273
71.4935657424 23.919545961
68.2664059032 24.6940952336
65.7910464647 24.9150865782
64.176091196 24.6414996077
63.456683271 24.5407600006
63.5930116643 24.6357727975
64.4735413784 25.2009561993
65.9230045316 26.4603020703
67.7147248371 28.5780187962
69.5864781845 31.650091974
71.2588169061 35.6987487577
72.4546048633 40.6710646383
72.9184247319 46.4422990761
72.4345277887 52.8239887247
70.8421001149 59.5763639987
68.046817432 66.4242864306
64.0279537646 73.0756306464
58.8406967991 79.2408558532
52.6138051574 84.6524274875
45.5433198512 89.0827601108
37.8837139018 92.3594577619
29.7156996693 94.3768277885
21.7220268425 95.1029386721
13.9519762586 94.5818815458
6.69857469126 92.9313789689
0.204073403469 90.3364630767
-5.34945306795 87.0406184612
-9.84847419355 83.1132651482
-13.2533887488 79.2241003196
-16.7697690989 75.412956793
-18.2010049929 71.9611128782
-18.8835392919 69.0991635884
-19.0396390187 66.9976222829
-18.9267572657 65.7585909672
-18.8190858801 65.4104344711
-18.987982615 65.9066527439
-19.6826135025 67.1294992162
-21.1121362351 68.8983415713
-23.430640677 70.9823043448
-26.7258582824 73.1163705407
-31.0123531666 75.0198518983
-36.2295138558 76.415964583
-42.2441763395 77.0511688961
-48.85712596 76.7129481038
-55.8120478975 75.2448126826
-63.0293392856 72.5575221546
-69.8352489254 68.6358172522
-76.1774124297 63.5403504017
-81.7702776899 57.404992453
-86.3803878524 50.4302782024
-89.8357951981 42.8744325644
-92.0342932301 34.819049168
-92.9485694585 26.9391129898
-92.6271178094 19.2918650058
-91.1903913441 12.1661443076
-88.8222230443 5.79929616641
-85.7569948021 0.367760651524
-82.2633924548 -4.02111957087
-78.6258477159 -7.3341871629
-75.1249361812 -9.61330357724
-72.0180742326 -12.1357015738
-69.5218366153 -12.7713166567
-67.7971007361 -12.9182660058
-66.9380133153 -12.8356342159
-66.9654699216 -12.7976961233
-67.8253981354 -13.0743086756
-69.3916406098 -13.9116263136
-71.472645144 -15.5144603429
-73.8204850353 -18.0314855277
-76.3669416503 -21.5442852161
-78.4550271421 -26.0609196883
-80.0383194239 -31.5143011226
-80.8462893078 -37.7651625898
-80.6610901339 -44.608817814
-79.3269424488 -51.7842230833
-76.7581910099 -59.2107605129
-72.9441867328 -66.219990577
-67.9498765754 -72.7515564908
-61.9116200376 -78.5230995586
-55.0282919558 -83.3050769055
-47.548177589 -86.9301703837
-39.752517622 -89.3013325376
-31.9368176542 -90.3966345583
-24.3911990028 -90.2698100177
-17.3811352203 -89.04602235
-11.1298916143 -86.9129235341
-5.80386325669 -84.1075162361
-1.50179048733 -80.8996817879
1.75148025484 -77.5734918104
4.00642829574 -74.4075820339
5.38572184935 -71.6559329325
6.07734619198 -69.5303731605
6.3255205925 -68.1859984693
6.19166238715 -67.710480787
6.32300082677 -68.1179294596
6.76566935541 -69.3475592855
7.78213522937 -71.2669179189
9.58213229073 -73.6788284823
12.3133014882 -76.3305117977
16.0532997592 -79.1534908174
20.8051750039 -81.4945698541
26.49708058 -83.3002409002
32.9867731273 -84.3031708698
40.0708026005 -84.2894719922
47.4978631421 -83.1080687178
54.9854278647 -80.6785598485
62.2385397413 -76.9957904743
68.9694746073 -72.1300710926
74.9169307804 -66.2226093882
79.8634329815 -59.4762535744
83.6497661123 -52.1420849301
86.1854769945 -44.5027412146
87.4547994197 -36.8536020065
87.5177697798 -29.4831216876
86.5068071615 -22.6536557884
84.6196330843 -16.584091712
82.110102043 -11.4354654776
79.0454947853 -7.30052205577
76.0777632139 -4.19785811966
73.2652782275 -2.07087259428
70.8756165235 -0.791242267737
69.1234401509 -0.166036916497
68.1611405717 0.0531090964971
68.0710888623 -0.0737157049664
68.8612406227 0.0976195773669
70.4651259218 0.618640804854
72.7466310628 1.74782686877
75.509450086 3.69013710621
78.5106497524 6.58768483801
81.4774522574 10.5120522155
84.126095119 15.4599826238
86.1814775659 21.3534701677
87.3962473141 28.0446437295
87.5680208744 35.325315736
86.5535644686 42.9406331091
84.2789912567 50.6059298934
80.7453538836 58.0256377604
76.0294293502 64.9129619816
70.2800058929 71.0089765409
63.7105889208 76.0998328188
56.5901451128 80.030911732
48.9960259866 82.7169793448
41.59037284 84.1477307917
34.4467964722 84.3885268539
27.8411232853 83.576641729
21.9954943275 81.9139494062
17.069028008 79.6576796255
13.1502261211 76.8721708735
10.2528230606 74.206992143
8.31606594248 71.7243037271
7.20979587174 69.687023156
6.74417779754 68.3043912298
6.68349829096 67.7226635741
6.76311715858 68.0175770295
6.70842006763 69.1902784365
5.07575897065 71.1676927243
3.9391615232 73.807691246
1.94389227684 76.9089000173
-1.04215891414 80.2245609251
-5.082002916 83.479527057
-10.1642594616 86.3892360812
-16.202670567 88.6793630665
-23.0400733425 90.1048062794
-30.4558729079 90.4667063267
-38.1753480216 89.6263405317
-46.1217717827 87.5149706362
-53.6322769939 84.1390528085
-60.6299331935 79.5806445151
-66.8424441094 73.9933630743
-72.0525281856 67.5948656564
-76.107211078 60.6575301284
-78.9252433329 53.2549608009
-80.5009918643 46.0484537358
-80.9038599638 39.1146502988
-80.272902008 32.724878536
-78.8068157728 27.0960419955
-76.7499173254 22.3813404393
-74.3750308362 18.6628981995
-71.9644583434 15.9479395359
-69.7903325043 14.1694457698
-68.0956986849 13.1916190722
-67.0776213679 12.8199625671
-66.8734638094 12.8153658898
-67.5512491286 12.9112594938
-69.104675593 12.8326698472
-71.452928747 12.315871189
-74.444908236 9.95876849603
-77.8668676931 7.87800091829
-81.4517518885 4.78068061493
-85.13706053 0.610035080221
-88.2704075944 -4.61609595308
-90.7840472987 -10.8051486441
-92.420440386 -17.794129928
-92.9778005487 -25.3573066378
-92.3193102604 -33.2155606703
-90.3803318262 -41.2958154176
-87.1720104787 -48.9336330585
-82.7803663961 -56.0489524495
-77.3605778819 -62.3729971917
-71.1266686195 -67.6927470079
-64.3372279084 -71.8601590022
-57.2781140901 -74.7993538406
-50.2433179948 -76.5101754836
-43.5152951695 -77.0672316371
-37.3461128996 -76.6141259376
-31.9407005934 -75.3531020521
-27.4433399803 -73.5307343518
-23.92828476 -71.4206196096
-21.3950578454 -69.3042492813
-19.7685381638 -67.4513723493
-18.9034181095 -66.1011944436
-18.5919871935 -65.4457000058
-18.5734771931 -65.6162306238
-18.7983797467 -66.6742043464
-18.6211072531 -68.6065177746
-17.980676106 -71.3257350405
-16.6305981371 -74.6746353974
-14.3802902678 -78.4340640877
-11.1042067534 -82.3323094007
-6.74884228871 -86.3111784139
-1.33605053318 -89.715055851
5.03818340835 -92.4737365202
12.2097787204 -94.3330293851
19.9571603907 -95.0952668028
28.015774145 -94.6284388386
36.0955472105 -92.8731663993
43.9001067636 -89.8459695494
51.1464420546 -85.6379798372
57.5836650238 -80.4088432424
63.0095877289 -74.3760634484
67.2839930994 -67.8004435554
70.3377284087 -60.9685980695
72.1770984229 -54.1737260453
72.8834774311 -47.6959606092
72.6085963034 -41.7836397571
71.5665923371 -36.6367783006
70.0246359664 -32.3938611337
68.0313944073 -29.1228235957
66.2398495113 -26.8167356359
64.7166991698 -25.3942627177
63.7106395614 -24.7044379556
63.4143704396 -24.5346468443
63.9555229049 -24.6199981172
65.3898373547 -24.9167713761
67.698099808 -24.7753061917
70.7876568903 -24.1336505829
74.4987365433 -22.7493253785
78.6153029842 -20.4365551853
82.8797705871 -17.0753056216
87.0105921928 -12.6180389801
90.7215228727 -7.09269193107
93.7412403774 -0.601065275802
95.8319783891 6.6875925313
96.805898278 14.5475293436
96.5380893182 22.7112796809
94.9753462739 30.8873127439
92.1402268928 38.7793363756
88.1303401692 46.1059369763
83.1133592397 52.6192117827
77.3188904671 58.1211210085
71.0290626449 62.4764531204
64.2990056646 65.621556981
57.7977750317 67.5683497372
51.6040768331 68.4035591628
45.975237272 68.2837036825
41.1119296318 67.4269525065
37.1491624296 66.1037421931
34.1496377637 64.3551753031
32.1009412878 62.838923643
30.917343406 61.6209797138
30.4464041271 60.9452261644
30.4800815468 60.9987698108
30.7696461451 61.9029779135
31.0433999872 63.7069129961
31.0259915059 66.384615829
30.4580028151 69.8370058722
29.1144674674 73.8985828295
26.8210522096 78.3486220085
23.4668066259 82.926159911
19.0126495711 87.3477648924
12.3300695269 91.3268808291
5.8343924801 94.5934195194
-1.46504961276 96.9122600137
-9.32756182029 98.0993902306
-17.4612681432 98.034598055
-25.8113473691 96.6698856455
-33.6982872051 94.0331418932
-41.0395790685 90.2270638729
-47.5775049965 85.4238687163
-53.1123380071 79.8569826055
-57.5112580904 73.811633546
-60.7147827574 67.3343082293
-62.7392971749 61.1001211839
-63.6749447064 55.1861663498
-63.6787197855 49.8449324132
-62.9630914676 45.2715121965
-61.7808777429 41.5947096021
-60.4073877396 38.8706609455
-59.1210513112 37.0803740133
-58.1838631792 36.1319139305
-57.8229817951 35.8673853418
-58.2147413881 36.0743755278
-59.472159291 36.5011328734
-61.6367495656 36.87445959
-64.6750882025 36.9190967614
-68.4801147299 36.3772736416
-72.8765999457 35.0270816689
-77.6295596781 32.6984168921
-82.4536499857 29.2854124143
-87.310906129 24.754555058
-91.5254541087 19.1480477399
-95.0264355436 12.5824410134
-97.5700157446 4.06677539392
-98.9711781426 -3.84511034117
-99.1125264234 -12.0208070997
-97.9504864257 -20.4140886578
-95.5175391235 -28.3368995261
-91.9197857342 -35.7081903479
-87.3297210323 -42.2740908125
-81.9745713007 -47.8394670643
-76.1209390153 -52.2767067562
-70.0567873395 -55.5318785174
-64.0719937998 -57.6269084506
-58.4388041204 -58.6570844806
-53.39352412 -58.783772903
-49.1206998084 -58.2227103201
-45.7408533729 -57.2286183056
-43.3025656102 -56.0771776048
-41.7793235398 -55.0455934639
-41.0710854258 -54.3930837725
-41.0099542481 -54.3426271178
-41.36869478 -55.0652185733
-41.8700788717 -56.6676970829
-42.4948980317 -59.1849296549
-42.5703336183 -62.5767642489
-42.0379435676 -66.7296952198
-40.6673304637 -71.4626224795
-38.2871850831 -76.5354281474
-34.7939537522 -81.6583423861
-30.1577966941 -86.8026860006
-24.4245144932 -91.2822497689
-17.71278346 -95.0281880887
-10.2066096468 -97.8002358904
-2.14338554609 -99.4177011256
6.20168689988 -99.7681283311
14.5337584373 -98.8132254889
22.5578410239 -96.5907426093
29.9983284314 -93.2116526003
36.6171937712 -88.8525524474
42.2296226171 -83.7436754929
46.7160289177 -78.1532836933
50.0296840948 -72.3694921271
52.1995676134 -66.680766743
53.3285198829 -61.3564303604
53.587345612 -56.6285112815
53.206177684 -52.6761735238
52.2435156792 -49.6137776577
51.3753577141 -47.4833365132
50.6194463061 -46.2517506222
50.2548126457 -45.8127341721
50.5107148728 -45.9927734774
51.557298842 -46.5597965141
53.4970431302 -47.4542088854
56.3590181015 -48.0022611075
60.0972365759 -48.1848917173
64.5937160622 -47.7252218442
69.6663096184 -46.3969048407
75.0808941876 -44.0334681491
80.5671317327 -40.5368304756
85.8367396492 -35.8829772657
90.6030227807 -30.1235282343
94.6003298918 -23.3825867759
97.6021026669 -15.8488224662
99.4362852075 -7.76320456927
99.9970565847 0.59682352252
99.2521382782 8.93566165773
97.2453122904 16.9591122025
94.0942643698 24.3938433656
89.9844401058 31.0054254391
85.1602696741 36.6137102375
79.6936421967 41.1045201141
74.2639775832 44.4369037221
68.9086268365 46.6456011543
63.9152835764 47.8388412558
59.5214236832 48.1921687416
55.9049125902 47.9396682838
53.1755513423 47.1422267154
51.369540325 46.4657724055
50.4480933679 45.9376425595
50.3007834088 45.8326841455
50.7536440772 46.3752275041
51.5815894111 47.7297171466
52.5243464625 49.9923193275
53.3048227753 53.1854724817
53.6486526306 57.2566019263
53.3035825574 62.0815702275
52.057367885 67.4728793118
49.7529580911 73.1921797696
46.2999493492 78.966276856
41.6815780254 84.5055514288
35.9569188992 89.5235374926
29.258436598 93.7563161269
21.7856181339 96.9803983743
13.7960885136 99.0278771458
5.37287580052 99.7978303698
-2.80200227971 99.2632544653
-11.8450483341 97.4731987582
-19.158927059 94.5502576854
-25.6670756392 90.6841585456
-31.1885704232 86.1228581459
-35.6117616874 80.939404093
-38.8995670665 75.804296197
-41.0905599593 70.7631825854
-42.2953100991 66.0993060389
-42.6879842585 62.0449771655
-42.4936711525 58.7721661312
-41.9722560181 56.3842212262
-41.399937065 54.9106299233
-41.0496480394 54.3059994696
-41.171728487 54.4537901149
-41.9761659745 55.1747848327
-43.617622506 56.2398248288
-46.1842506686 57.3859802521
-49.6910036498 58.3350603345
-54.0777471928 58.8131966776
-59.2119907973 58.5701575885
-64.8954700201 57.397070228
-70.8731316029 55.1413408897
-77.0677539504 51.7177719647
-82.8103193 47.1151770689
-88.0488093537 41.39819342
-92.5016908883 34.7044828449
-95.9398121264 27.2380997792
-98.1958117784 19.2604862844
-99.1722889551 10.8552796748
-98.8468559642 2.69735179633
-97.2729300814 -5.15195051396
-94.5757597872 -13.567606047
-90.9437256743 -20.0067035565
-86.6154062529 -25.4657769702
-81.8632542246 -29.8385907526
-76.9749894504 -33.0937245248
-72.2339808063 -35.2752906694
-67.8999604043 -36.4988860356
-64.1913902538 -36.9428257062
-61.2706833516 -36.8351553037
-59.233268413 -36.437292139
-58.1011799988 -36.0254046532
-57.8214536476 -35.8708040537
-58.2691087909 -36.2206918245
-59.2539107125 -37.2805818691
-60.5294166118 -39.1995964513
-62.0301250545 -42.0596208058
-63.103245351 -45.868992326
-63.7027564018 -50.5609965751
-63.5617495876 -55.9969440236
-62.4661266712 -61.9730083894
-60.2639744857 -68.2293197418
-56.8735565969 -74.6878862294
-52.2880939064 -80.6843525184
-46.5762341776 -86.1589966792
-39.8777437945 -90.833406163
-32.3944937069 -94.4822792213
-24.377255472 -96.9428242825
-16.1091725747 -98.1227406398
-7.88702679475 -98.0049647171
-0.00157928765022 -96.6480926811
7.28166873743 -94.1820219832
13.7399803324 -90.7988915471
19.207960864 -86.7398427633
23.588237395 -82.2784712089
26.8575805111 -77.7020920878
29.0682179258 -73.2921007725
30.3445920931 -69.3047735297
30.8764116485 -65.9538225334
30.9095387651 -63.3958935923
30.5056134377 -61.7199746714
30.311394663 -60.9413682406
30.3756650949 -61.0004707613
30.9606640612 -61.7660982059
32.2758131551 -63.0424974114
34.4683623379 -64.578489281
37.6155583454 -66.30877173
41.7201139573 -67.5839176689
46.7100347404 -68.3513230806
52.4432326219 -68.3474274208
58.7168230696 -67.3622541353
65.2805647722 -65.2487620097
71.8535575085 -61.9306380041
78.1430653768 -57.4067653146
83.864178727 -51.7513208409
88.7589689913 -45.1090819808
92.6138261496 -37.6860537383
95.2737987928 -29.7359635083
96.6529816591 -21.5435125868
96.7403151147 -13.405520466
95.6005753363 -5.61125028721
93.3708429186 1.57673853824
90.2533412879 7.93990158591
86.506234641 13.3180073343
82.1993072294 17.6194709475
77.9869134128 20.8270942405
